2024-03-04 13:42:34.829 [info] Log level: Info
2024-03-04 13:42:34.829 [info] Validating found git in: "git"
2024-03-04 13:42:34.829 [info] Using git "2.44.0" from "git"
2024-03-04 13:42:34.829 [info] > git rev-parse --show-toplevel [5ms]
2024-03-04 13:42:34.829 [info] > git rev-parse --git-dir --git-common-dir [1ms]
2024-03-04 13:42:34.829 [info] Open repository: /home/andrew/.dotfiles
2024-03-04 13:42:34.845 [info] > git rev-parse --show-toplevel [8ms]
2024-03-04 13:42:34.845 [info] > git config --get commit.template [12ms]
2024-03-04 13:42:34.868 [info] > git rev-parse --show-toplevel [10ms]
2024-03-04 13:42:34.872 [info] > git for-each-ref --format=%(refname)%00%(upstream:short)%00%(objectname)%00%(upstream:track)%00%(upstream:remotename)%00%(upstream:remoteref) refs/heads/master refs/remotes/master [5ms]
2024-03-04 13:42:34.874 [info] > git rev-parse --show-toplevel [2ms]
2024-03-04 13:42:34.882 [info] > git rev-parse --show-toplevel [5ms]
2024-03-04 13:42:34.887 [info] > git rev-parse --show-toplevel [1ms]
2024-03-04 13:42:34.893 [info] > git status -z -uall [12ms]
2024-03-04 13:42:34.905 [info] > git config --get commit.template [5ms]
2024-03-04 13:42:34.905 [info] > git for-each-ref --format=%(refname)%00%(upstream:short)%00%(objectname)%00%(upstream:track)%00%(upstream:remotename)%00%(upstream:remoteref) refs/heads/master refs/remotes/master [1ms]
2024-03-04 13:42:34.930 [info] > git status -z -uall [21ms]
2024-03-04 13:42:35.151 [info] > git show --textconv :config/.config/polybar/config.ini [5ms]
2024-03-04 13:42:35.152 [info] > git ls-files --stage -- /home/andrew/.dotfiles/config/.config/polybar/config.ini [2ms]
2024-03-04 13:42:35.156 [info] > git cat-file -s 12b9228e84b958b5fdde843b963b7a26c04983f4 [0ms]
2024-03-04 13:42:35.351 [info] > git check-ignore -v -z --stdin [3ms]
2024-03-04 13:42:38.823 [info] > git config --get commit.template [8ms]
2024-03-04 13:42:38.824 [info] > git for-each-ref --format=%(refname)%00%(upstream:short)%00%(objectname)%00%(upstream:track)%00%(upstream:remotename)%00%(upstream:remoteref) refs/heads/master refs/remotes/master [2ms]
2024-03-04 13:42:38.843 [info] > git status -z -uall [14ms]
2024-03-04 13:42:45.526 [info] > git config --get commit.template [8ms]
2024-03-04 13:42:45.528 [info] > git for-each-ref --format=%(refname)%00%(upstream:short)%00%(objectname)%00%(upstream:track)%00%(upstream:remotename)%00%(upstream:remoteref) refs/heads/master refs/remotes/master [3ms]
2024-03-04 13:42:45.544 [info] > git status -z -uall [8ms]
