2024-03-04 13:37:17.835 [info] Added views:workbench.panel.markers.view in workbench.panel.markers
2024-03-04 13:37:17.835 [info] Added views:workbench.panel.output in workbench.panel.output
2024-03-04 13:37:17.835 [info] Added views:terminal in terminal
2024-03-04 13:37:17.835 [info] Added views:outline in workbench.view.explorer
2024-03-04 13:37:17.835 [info] Added views:workbench.scm in workbench.view.scm
2024-03-04 13:37:17.835 [info] Added views:workbench.view.search in workbench.view.search
2024-03-04 13:37:17.835 [info] Added views:timeline in workbench.view.explorer
2024-03-04 13:37:17.835 [info] Added views:workbench.explorer.emptyView in workbench.view.explorer
2024-03-04 13:37:18.196 [info] Added views:workbench.debug.welcome in workbench.view.debug
2024-03-04 13:37:18.399 [info] Added views:workbench.panel.repl.view in workbench.panel.repl
2024-03-04 13:37:18.731 [info] Added views:~remote.forwardedPorts in ~remote.forwardedPortsContainer
2024-03-04 13:38:05.881 [info] Added views:workbench.panel.markers.view in workbench.panel.markers
2024-03-04 13:38:05.881 [info] Added views:workbench.panel.output in workbench.panel.output
2024-03-04 13:38:05.881 [info] Added views:terminal in terminal
2024-03-04 13:38:05.881 [info] Added views:outline in workbench.view.explorer
2024-03-04 13:38:05.881 [info] Added views:workbench.scm in workbench.view.scm
2024-03-04 13:38:05.881 [info] Added views:workbench.view.search in workbench.view.search
2024-03-04 13:38:05.881 [info] Added views:timeline in workbench.view.explorer
2024-03-04 13:38:05.881 [info] Added views:workbench.explorer.fileView in workbench.view.explorer
2024-03-04 13:38:06.108 [info] Added views:workbench.debug.variablesView,workbench.debug.watchExpressionsView,workbench.debug.callStackView,workbench.debug.breakPointsView in workbench.view.debug
2024-03-04 13:38:06.162 [info] Added views:~remote.forwardedPorts in ~remote.forwardedPortsContainer
2024-03-04 13:38:06.247 [info] Added views:workbench.panel.repl.view in workbench.panel.repl
2024-03-04 13:38:06.249 [info] Removed views:workbench.debug.breakPointsView,workbench.debug.callStackView,workbench.debug.watchExpressionsView,workbench.debug.variablesView from workbench.view.debug
2024-03-04 13:38:06.250 [info] Added views:workbench.debug.welcome in workbench.view.debug
