2024-03-04 16:28:04.498 [info] Log level: Info
2024-03-04 16:28:04.498 [info] Validating found git in: "git"
2024-03-04 16:28:04.498 [info] Using git "2.44.0" from "git"
2024-03-04 16:28:04.498 [info] > git rev-parse --show-toplevel [2ms]
2024-03-04 16:28:04.498 [info] > git rev-parse --path-format=relative --show-toplevel [4ms]
2024-03-04 16:28:04.499 [info] > git rev-parse --git-dir --git-common-dir [3ms]
2024-03-04 16:28:04.499 [info] fatal: not a git repository (or any parent up to mount point /)
Stopping at filesystem boundary (GIT_DISCOVERY_ACROSS_FILESYSTEM not set).
2024-03-04 16:31:07.451 [info] > git rev-parse --show-toplevel [1ms]
2024-03-04 16:31:07.456 [info] > git rev-parse --path-format=relative --show-toplevel [1ms]
2024-03-04 16:31:07.461 [info] > git rev-parse --git-dir --git-common-dir [1ms]
2024-03-04 16:31:07.461 [info] fatal: not a git repository (or any parent up to mount point /)
Stopping at filesystem boundary (GIT_DISCOVERY_ACROSS_FILESYSTEM not set).
2024-03-04 16:31:26.834 [info] > git rev-parse --show-toplevel [2ms]
2024-03-04 16:31:26.838 [info] > git rev-parse --path-format=relative --show-toplevel [0ms]
2024-03-04 16:31:26.843 [info] > git rev-parse --git-dir --git-common-dir [1ms]
2024-03-04 16:31:26.843 [info] fatal: not a git repository (or any parent up to mount point /)
Stopping at filesystem boundary (GIT_DISCOVERY_ACROSS_FILESYSTEM not set).
2024-03-04 16:42:35.388 [info] > git rev-parse --show-toplevel [1ms]
2024-03-04 16:42:35.388 [info] fatal: not a git repository (or any parent up to mount point /)
Stopping at filesystem boundary (GIT_DISCOVERY_ACROSS_FILESYSTEM not set).
2024-03-04 16:56:51.265 [info] > git rev-parse --show-toplevel [0ms]
2024-03-04 16:56:51.268 [info] > git rev-parse --path-format=relative --show-toplevel [1ms]
2024-03-04 16:56:51.272 [info] > git rev-parse --git-dir --git-common-dir [1ms]
2024-03-04 16:56:51.272 [info] fatal: not a git repository (or any parent up to mount point /)
Stopping at filesystem boundary (GIT_DISCOVERY_ACROSS_FILESYSTEM not set).
