2024-03-02T06:16:32.035Z [Modules] Modules initializing
2024-03-02T06:16:32.036Z [Modules] Distribution: remote
2024-03-02T06:16:32.036Z [Modules] Host updates: enabled
2024-03-02T06:16:32.036Z [Modules] Module updates: enabled
2024-03-02T06:16:32.036Z [Modules] Module install path: /home/andrew/.config/discord/0.0.43/modules
2024-03-02T06:16:32.036Z [Modules] Module installed file path: /home/andrew/.config/discord/0.0.43/modules/installed.json
2024-03-02T06:16:32.036Z [Modules] Module download path: /home/andrew/.config/discord/0.0.43/modules/pending
2024-03-02T06:16:32.210Z [Modules] Bootstrapping...
2024-03-02T06:16:32.211Z [Modules] Installing discord_desktop_core@0 from /opt/discord/resources/bootstrap/discord_desktop_core.zip
2024-03-02T06:16:32.214Z [Modules] Failed installing discord_desktop_core@0: Error: ENOENT: no such file or directory, open '/opt/discord/resources/bootstrap/discord_desktop_core.zip'
2024-03-02T06:16:32.215Z [Modules] Installing discord_erlpack@0 from /opt/discord/resources/bootstrap/discord_erlpack.zip
2024-03-02T06:16:32.216Z [Modules] Failed installing discord_erlpack@0: Error: ENOENT: no such file or directory, open '/opt/discord/resources/bootstrap/discord_erlpack.zip'
2024-03-02T06:16:32.216Z [Modules] Installing discord_spellcheck@0 from /opt/discord/resources/bootstrap/discord_spellcheck.zip
2024-03-02T06:16:32.217Z [Modules] Failed installing discord_spellcheck@0: Error: ENOENT: no such file or directory, open '/opt/discord/resources/bootstrap/discord_spellcheck.zip'
2024-03-02T06:16:32.217Z [Modules] Installing discord_utils@0 from /opt/discord/resources/bootstrap/discord_utils.zip
2024-03-02T06:16:32.218Z [Modules] Failed installing discord_utils@0: Error: ENOENT: no such file or directory, open '/opt/discord/resources/bootstrap/discord_utils.zip'
2024-03-02T06:16:32.218Z [Modules] Installing discord_voice@0 from /opt/discord/resources/bootstrap/discord_voice.zip
2024-03-02T06:16:32.219Z [Modules] Failed installing discord_voice@0: Error: ENOENT: no such file or directory, open '/opt/discord/resources/bootstrap/discord_voice.zip'
2024-03-02T06:16:32.219Z [Modules] Finished module installations. [success: 0] [failure: 5]
2024-03-02T06:16:32.220Z [Modules] Checking for host updates.
2024-03-02T06:16:32.393Z [Modules] Host is up to date.
2024-03-02T06:16:32.393Z [Modules] Checking for module updates at https://discord.com/api/modules/stable/versions.json
2024-03-02T06:16:32.430Z [Modules] Module update available: discord_desktop_core@1 [installed: 0]
2024-03-02T06:16:32.430Z [Modules] Module update available: discord_erlpack@1 [installed: 0]
2024-03-02T06:16:32.430Z [Modules] Module update available: discord_spellcheck@1 [installed: 0]
2024-03-02T06:16:32.430Z [Modules] Module update available: discord_utils@1 [installed: 0]
2024-03-02T06:16:32.430Z [Modules] Module update available: discord_voice@1 [installed: 0]
2024-03-02T06:16:32.430Z [Modules] Fetching discord_desktop_core@1 from https://discord.com/api/modules/stable/discord_desktop_core/1
2024-03-02T06:16:32.430Z [Modules] Streaming discord_desktop_core@1 to /home/andrew/.config/discord/0.0.43/modules/pending/discord_desktop_core-1.zip
2024-03-02T06:16:32.705Z [Modules] Streaming discord_desktop_core@1 to /home/andrew/.config/discord/0.0.43/modules/pending/discord_desktop_core-1.zip: 1%
2024-03-02T06:16:32.714Z [Modules] Streaming discord_desktop_core@1 to /home/andrew/.config/discord/0.0.43/modules/pending/discord_desktop_core-1.zip: 2%
2024-03-02T06:16:32.731Z [Modules] Streaming discord_desktop_core@1 to /home/andrew/.config/discord/0.0.43/modules/pending/discord_desktop_core-1.zip: 3%
2024-03-02T06:16:32.735Z [Modules] Streaming discord_desktop_core@1 to /home/andrew/.config/discord/0.0.43/modules/pending/discord_desktop_core-1.zip: 4%
2024-03-02T06:16:32.745Z [Modules] Streaming discord_desktop_core@1 to /home/andrew/.config/discord/0.0.43/modules/pending/discord_desktop_core-1.zip: 7%
2024-03-02T06:16:32.747Z [Modules] Streaming discord_desktop_core@1 to /home/andrew/.config/discord/0.0.43/modules/pending/discord_desktop_core-1.zip: 8%
2024-03-02T06:16:32.766Z [Modules] Streaming discord_desktop_core@1 to /home/andrew/.config/discord/0.0.43/modules/pending/discord_desktop_core-1.zip: 11%
2024-03-02T06:16:32.785Z [Modules] Streaming discord_desktop_core@1 to /home/andrew/.config/discord/0.0.43/modules/pending/discord_desktop_core-1.zip: 13%
2024-03-02T06:16:32.787Z [Modules] Streaming discord_desktop_core@1 to /home/andrew/.config/discord/0.0.43/modules/pending/discord_desktop_core-1.zip: 16%
2024-03-02T06:16:32.791Z [Modules] Streaming discord_desktop_core@1 to /home/andrew/.config/discord/0.0.43/modules/pending/discord_desktop_core-1.zip: 17%
2024-03-02T06:16:32.794Z [Modules] Streaming discord_desktop_core@1 to /home/andrew/.config/discord/0.0.43/modules/pending/discord_desktop_core-1.zip: 18%
2024-03-02T06:16:32.805Z [Modules] Streaming discord_desktop_core@1 to /home/andrew/.config/discord/0.0.43/modules/pending/discord_desktop_core-1.zip: 19%
2024-03-02T06:16:32.815Z [Modules] Streaming discord_desktop_core@1 to /home/andrew/.config/discord/0.0.43/modules/pending/discord_desktop_core-1.zip: 22%
2024-03-02T06:16:32.815Z [Modules] Streaming discord_desktop_core@1 to /home/andrew/.config/discord/0.0.43/modules/pending/discord_desktop_core-1.zip: 23%
2024-03-02T06:16:32.833Z [Modules] Streaming discord_desktop_core@1 to /home/andrew/.config/discord/0.0.43/modules/pending/discord_desktop_core-1.zip: 26%
2024-03-02T06:16:32.848Z [Modules] Streaming discord_desktop_core@1 to /home/andrew/.config/discord/0.0.43/modules/pending/discord_desktop_core-1.zip: 28%
2024-03-02T06:16:32.867Z [Modules] Streaming discord_desktop_core@1 to /home/andrew/.config/discord/0.0.43/modules/pending/discord_desktop_core-1.zip: 29%
2024-03-02T06:16:32.869Z [Modules] Streaming discord_desktop_core@1 to /home/andrew/.config/discord/0.0.43/modules/pending/discord_desktop_core-1.zip: 32%
2024-03-02T06:16:32.870Z [Modules] Streaming discord_desktop_core@1 to /home/andrew/.config/discord/0.0.43/modules/pending/discord_desktop_core-1.zip: 33%
2024-03-02T06:16:32.882Z [Modules] Streaming discord_desktop_core@1 to /home/andrew/.config/discord/0.0.43/modules/pending/discord_desktop_core-1.zip: 36%
2024-03-02T06:16:32.882Z [Modules] Streaming discord_desktop_core@1 to /home/andrew/.config/discord/0.0.43/modules/pending/discord_desktop_core-1.zip: 37%
2024-03-02T06:16:32.884Z [Modules] Streaming discord_desktop_core@1 to /home/andrew/.config/discord/0.0.43/modules/pending/discord_desktop_core-1.zip: 39%
2024-03-02T06:16:32.900Z [Modules] Streaming discord_desktop_core@1 to /home/andrew/.config/discord/0.0.43/modules/pending/discord_desktop_core-1.zip: 40%
2024-03-02T06:16:32.918Z [Modules] Streaming discord_desktop_core@1 to /home/andrew/.config/discord/0.0.43/modules/pending/discord_desktop_core-1.zip: 42%
2024-03-02T06:16:32.919Z [Modules] Streaming discord_desktop_core@1 to /home/andrew/.config/discord/0.0.43/modules/pending/discord_desktop_core-1.zip: 51%
2024-03-02T06:16:32.920Z [Modules] Streaming discord_desktop_core@1 to /home/andrew/.config/discord/0.0.43/modules/pending/discord_desktop_core-1.zip: 52%
2024-03-02T06:16:32.950Z [Modules] Streaming discord_desktop_core@1 to /home/andrew/.config/discord/0.0.43/modules/pending/discord_desktop_core-1.zip: 53%
2024-03-02T06:16:32.972Z [Modules] Streaming discord_desktop_core@1 to /home/andrew/.config/discord/0.0.43/modules/pending/discord_desktop_core-1.zip: 56%
2024-03-02T06:16:32.974Z [Modules] Streaming discord_desktop_core@1 to /home/andrew/.config/discord/0.0.43/modules/pending/discord_desktop_core-1.zip: 57%
2024-03-02T06:16:32.993Z [Modules] Streaming discord_desktop_core@1 to /home/andrew/.config/discord/0.0.43/modules/pending/discord_desktop_core-1.zip: 62%
2024-03-02T06:16:32.998Z [Modules] Streaming discord_desktop_core@1 to /home/andrew/.config/discord/0.0.43/modules/pending/discord_desktop_core-1.zip: 65%
2024-03-02T06:16:32.998Z [Modules] Streaming discord_desktop_core@1 to /home/andrew/.config/discord/0.0.43/modules/pending/discord_desktop_core-1.zip: 72%
2024-03-02T06:16:32.999Z [Modules] Streaming discord_desktop_core@1 to /home/andrew/.config/discord/0.0.43/modules/pending/discord_desktop_core-1.zip: 75%
2024-03-02T06:16:33.000Z [Modules] Streaming discord_desktop_core@1 to /home/andrew/.config/discord/0.0.43/modules/pending/discord_desktop_core-1.zip: 79%
2024-03-02T06:16:33.032Z [Modules] Streaming discord_desktop_core@1 to /home/andrew/.config/discord/0.0.43/modules/pending/discord_desktop_core-1.zip: 82%
2024-03-02T06:16:33.033Z [Modules] Streaming discord_desktop_core@1 to /home/andrew/.config/discord/0.0.43/modules/pending/discord_desktop_core-1.zip: 91%
2024-03-02T06:16:33.046Z [Modules] Streaming discord_desktop_core@1 to /home/andrew/.config/discord/0.0.43/modules/pending/discord_desktop_core-1.zip: 93%
2024-03-02T06:16:33.048Z [Modules] Streaming discord_desktop_core@1 to /home/andrew/.config/discord/0.0.43/modules/pending/discord_desktop_core-1.zip: 94%
2024-03-02T06:16:33.065Z [Modules] Streaming discord_desktop_core@1 to /home/andrew/.config/discord/0.0.43/modules/pending/discord_desktop_core-1.zip: 95%
2024-03-02T06:16:33.076Z [Modules] Streaming discord_desktop_core@1 to /home/andrew/.config/discord/0.0.43/modules/pending/discord_desktop_core-1.zip: 99%
2024-03-02T06:16:33.080Z [Modules] Streaming discord_desktop_core@1 to /home/andrew/.config/discord/0.0.43/modules/pending/discord_desktop_core-1.zip: 100%
2024-03-02T06:16:33.081Z [Modules] Fetching discord_erlpack@1 from https://discord.com/api/modules/stable/discord_erlpack/1
2024-03-02T06:16:33.081Z [Modules] Streaming discord_erlpack@1 to /home/andrew/.config/discord/0.0.43/modules/pending/discord_erlpack-1.zip
2024-03-02T06:16:33.248Z [Modules] Streaming discord_erlpack@1 to /home/andrew/.config/discord/0.0.43/modules/pending/discord_erlpack-1.zip: 2%
2024-03-02T06:16:33.270Z [Modules] Streaming discord_erlpack@1 to /home/andrew/.config/discord/0.0.43/modules/pending/discord_erlpack-1.zip: 5%
2024-03-02T06:16:33.271Z [Modules] Streaming discord_erlpack@1 to /home/andrew/.config/discord/0.0.43/modules/pending/discord_erlpack-1.zip: 7%
2024-03-02T06:16:33.280Z [Modules] Streaming discord_erlpack@1 to /home/andrew/.config/discord/0.0.43/modules/pending/discord_erlpack-1.zip: 11%
2024-03-02T06:16:33.304Z [Modules] Streaming discord_erlpack@1 to /home/andrew/.config/discord/0.0.43/modules/pending/discord_erlpack-1.zip: 15%
2024-03-02T06:16:33.305Z [Modules] Streaming discord_erlpack@1 to /home/andrew/.config/discord/0.0.43/modules/pending/discord_erlpack-1.zip: 28%
2024-03-02T06:16:33.329Z [Modules] Streaming discord_erlpack@1 to /home/andrew/.config/discord/0.0.43/modules/pending/discord_erlpack-1.zip: 31%
2024-03-02T06:16:33.353Z [Modules] Streaming discord_erlpack@1 to /home/andrew/.config/discord/0.0.43/modules/pending/discord_erlpack-1.zip: 34%
2024-03-02T06:16:33.354Z [Modules] Streaming discord_erlpack@1 to /home/andrew/.config/discord/0.0.43/modules/pending/discord_erlpack-1.zip: 42%
2024-03-02T06:16:33.363Z [Modules] Streaming discord_erlpack@1 to /home/andrew/.config/discord/0.0.43/modules/pending/discord_erlpack-1.zip: 44%
2024-03-02T06:16:33.369Z [Modules] Streaming discord_erlpack@1 to /home/andrew/.config/discord/0.0.43/modules/pending/discord_erlpack-1.zip: 45%
2024-03-02T06:16:33.401Z [Modules] Streaming discord_erlpack@1 to /home/andrew/.config/discord/0.0.43/modules/pending/discord_erlpack-1.zip: 48%
2024-03-02T06:16:33.401Z [Modules] Streaming discord_erlpack@1 to /home/andrew/.config/discord/0.0.43/modules/pending/discord_erlpack-1.zip: 49%
2024-03-02T06:16:33.429Z [Modules] Streaming discord_erlpack@1 to /home/andrew/.config/discord/0.0.43/modules/pending/discord_erlpack-1.zip: 52%
2024-03-02T06:16:33.430Z [Modules] Streaming discord_erlpack@1 to /home/andrew/.config/discord/0.0.43/modules/pending/discord_erlpack-1.zip: 68%
2024-03-02T06:16:33.435Z [Modules] Streaming discord_erlpack@1 to /home/andrew/.config/discord/0.0.43/modules/pending/discord_erlpack-1.zip: 71%
2024-03-02T06:16:33.436Z [Modules] Streaming discord_erlpack@1 to /home/andrew/.config/discord/0.0.43/modules/pending/discord_erlpack-1.zip: 73%
2024-03-02T06:16:33.437Z [Modules] Streaming discord_erlpack@1 to /home/andrew/.config/discord/0.0.43/modules/pending/discord_erlpack-1.zip: 74%
2024-03-02T06:16:33.445Z [Modules] Streaming discord_erlpack@1 to /home/andrew/.config/discord/0.0.43/modules/pending/discord_erlpack-1.zip: 75%
2024-03-02T06:16:33.463Z [Modules] Streaming discord_erlpack@1 to /home/andrew/.config/discord/0.0.43/modules/pending/discord_erlpack-1.zip: 79%
2024-03-02T06:16:33.465Z [Modules] Streaming discord_erlpack@1 to /home/andrew/.config/discord/0.0.43/modules/pending/discord_erlpack-1.zip: 82%
2024-03-02T06:16:33.465Z [Modules] Streaming discord_erlpack@1 to /home/andrew/.config/discord/0.0.43/modules/pending/discord_erlpack-1.zip: 90%
2024-03-02T06:16:33.468Z [Modules] Streaming discord_erlpack@1 to /home/andrew/.config/discord/0.0.43/modules/pending/discord_erlpack-1.zip: 93%
2024-03-02T06:16:33.469Z [Modules] Streaming discord_erlpack@1 to /home/andrew/.config/discord/0.0.43/modules/pending/discord_erlpack-1.zip: 99%
2024-03-02T06:16:33.480Z [Modules] Streaming discord_erlpack@1 to /home/andrew/.config/discord/0.0.43/modules/pending/discord_erlpack-1.zip: 100%
2024-03-02T06:16:33.480Z [Modules] Fetching discord_spellcheck@1 from https://discord.com/api/modules/stable/discord_spellcheck/1
2024-03-02T06:16:33.481Z [Modules] Streaming discord_spellcheck@1 to /home/andrew/.config/discord/0.0.43/modules/pending/discord_spellcheck-1.zip
2024-03-02T06:16:33.683Z [Modules] Streaming discord_spellcheck@1 to /home/andrew/.config/discord/0.0.43/modules/pending/discord_spellcheck-1.zip: 1%
2024-03-02T06:16:33.697Z [Modules] Streaming discord_spellcheck@1 to /home/andrew/.config/discord/0.0.43/modules/pending/discord_spellcheck-1.zip: 2%
2024-03-02T06:16:33.731Z [Modules] Streaming discord_spellcheck@1 to /home/andrew/.config/discord/0.0.43/modules/pending/discord_spellcheck-1.zip: 3%
2024-03-02T06:16:33.735Z [Modules] Streaming discord_spellcheck@1 to /home/andrew/.config/discord/0.0.43/modules/pending/discord_spellcheck-1.zip: 4%
2024-03-02T06:16:33.736Z [Modules] Streaming discord_spellcheck@1 to /home/andrew/.config/discord/0.0.43/modules/pending/discord_spellcheck-1.zip: 5%
2024-03-02T06:16:33.780Z [Modules] Streaming discord_spellcheck@1 to /home/andrew/.config/discord/0.0.43/modules/pending/discord_spellcheck-1.zip: 6%
2024-03-02T06:16:33.780Z [Modules] Streaming discord_spellcheck@1 to /home/andrew/.config/discord/0.0.43/modules/pending/discord_spellcheck-1.zip: 7%
2024-03-02T06:16:33.848Z [Modules] Streaming discord_spellcheck@1 to /home/andrew/.config/discord/0.0.43/modules/pending/discord_spellcheck-1.zip: 8%
2024-03-02T06:16:33.849Z [Modules] Streaming discord_spellcheck@1 to /home/andrew/.config/discord/0.0.43/modules/pending/discord_spellcheck-1.zip: 10%
2024-03-02T06:16:33.853Z [Modules] Streaming discord_spellcheck@1 to /home/andrew/.config/discord/0.0.43/modules/pending/discord_spellcheck-1.zip: 11%
2024-03-02T06:16:33.861Z [Modules] Streaming discord_spellcheck@1 to /home/andrew/.config/discord/0.0.43/modules/pending/discord_spellcheck-1.zip: 12%
2024-03-02T06:16:33.862Z [Modules] Streaming discord_spellcheck@1 to /home/andrew/.config/discord/0.0.43/modules/pending/discord_spellcheck-1.zip: 14%
2024-03-02T06:16:33.879Z [Modules] Streaming discord_spellcheck@1 to /home/andrew/.config/discord/0.0.43/modules/pending/discord_spellcheck-1.zip: 15%
2024-03-02T06:16:33.901Z [Modules] Streaming discord_spellcheck@1 to /home/andrew/.config/discord/0.0.43/modules/pending/discord_spellcheck-1.zip: 16%
2024-03-02T06:16:33.932Z [Modules] Streaming discord_spellcheck@1 to /home/andrew/.config/discord/0.0.43/modules/pending/discord_spellcheck-1.zip: 17%
2024-03-02T06:16:33.935Z [Modules] Streaming discord_spellcheck@1 to /home/andrew/.config/discord/0.0.43/modules/pending/discord_spellcheck-1.zip: 18%
2024-03-02T06:16:33.945Z [Modules] Streaming discord_spellcheck@1 to /home/andrew/.config/discord/0.0.43/modules/pending/discord_spellcheck-1.zip: 19%
2024-03-02T06:16:33.978Z [Modules] Streaming discord_spellcheck@1 to /home/andrew/.config/discord/0.0.43/modules/pending/discord_spellcheck-1.zip: 20%
2024-03-02T06:16:34.019Z [Modules] Streaming discord_spellcheck@1 to /home/andrew/.config/discord/0.0.43/modules/pending/discord_spellcheck-1.zip: 21%
2024-03-02T06:16:34.020Z [Modules] Streaming discord_spellcheck@1 to /home/andrew/.config/discord/0.0.43/modules/pending/discord_spellcheck-1.zip: 22%
2024-03-02T06:16:34.043Z [Modules] Streaming discord_spellcheck@1 to /home/andrew/.config/discord/0.0.43/modules/pending/discord_spellcheck-1.zip: 23%
2024-03-02T06:16:34.044Z [Modules] Streaming discord_spellcheck@1 to /home/andrew/.config/discord/0.0.43/modules/pending/discord_spellcheck-1.zip: 25%
2024-03-02T06:16:34.065Z [Modules] Streaming discord_spellcheck@1 to /home/andrew/.config/discord/0.0.43/modules/pending/discord_spellcheck-1.zip: 26%
2024-03-02T06:16:34.068Z [Modules] Streaming discord_spellcheck@1 to /home/andrew/.config/discord/0.0.43/modules/pending/discord_spellcheck-1.zip: 27%
2024-03-02T06:16:34.070Z [Modules] Streaming discord_spellcheck@1 to /home/andrew/.config/discord/0.0.43/modules/pending/discord_spellcheck-1.zip: 28%
2024-03-02T06:16:34.081Z [Modules] Streaming discord_spellcheck@1 to /home/andrew/.config/discord/0.0.43/modules/pending/discord_spellcheck-1.zip: 29%
2024-03-02T06:16:34.121Z [Modules] Streaming discord_spellcheck@1 to /home/andrew/.config/discord/0.0.43/modules/pending/discord_spellcheck-1.zip: 30%
2024-03-02T06:16:34.122Z [Modules] Streaming discord_spellcheck@1 to /home/andrew/.config/discord/0.0.43/modules/pending/discord_spellcheck-1.zip: 32%
2024-03-02T06:16:34.146Z [Modules] Streaming discord_spellcheck@1 to /home/andrew/.config/discord/0.0.43/modules/pending/discord_spellcheck-1.zip: 33%
2024-03-02T06:16:34.175Z [Modules] Streaming discord_spellcheck@1 to /home/andrew/.config/discord/0.0.43/modules/pending/discord_spellcheck-1.zip: 35%
2024-03-02T06:16:34.207Z [Modules] Streaming discord_spellcheck@1 to /home/andrew/.config/discord/0.0.43/modules/pending/discord_spellcheck-1.zip: 36%
2024-03-02T06:16:34.208Z [Modules] Streaming discord_spellcheck@1 to /home/andrew/.config/discord/0.0.43/modules/pending/discord_spellcheck-1.zip: 38%
2024-03-02T06:16:34.211Z [Modules] Streaming discord_spellcheck@1 to /home/andrew/.config/discord/0.0.43/modules/pending/discord_spellcheck-1.zip: 39%
2024-03-02T06:16:34.236Z [Modules] Streaming discord_spellcheck@1 to /home/andrew/.config/discord/0.0.43/modules/pending/discord_spellcheck-1.zip: 40%
2024-03-02T06:16:34.287Z [Modules] Streaming discord_spellcheck@1 to /home/andrew/.config/discord/0.0.43/modules/pending/discord_spellcheck-1.zip: 41%
2024-03-02T06:16:34.289Z [Modules] Streaming discord_spellcheck@1 to /home/andrew/.config/discord/0.0.43/modules/pending/discord_spellcheck-1.zip: 42%
2024-03-02T06:16:34.294Z [Modules] Streaming discord_spellcheck@1 to /home/andrew/.config/discord/0.0.43/modules/pending/discord_spellcheck-1.zip: 43%
2024-03-02T06:16:34.294Z [Modules] Streaming discord_spellcheck@1 to /home/andrew/.config/discord/0.0.43/modules/pending/discord_spellcheck-1.zip: 46%
2024-03-02T06:16:34.298Z [Modules] Streaming discord_spellcheck@1 to /home/andrew/.config/discord/0.0.43/modules/pending/discord_spellcheck-1.zip: 47%
2024-03-02T06:16:34.300Z [Modules] Streaming discord_spellcheck@1 to /home/andrew/.config/discord/0.0.43/modules/pending/discord_spellcheck-1.zip: 48%
2024-03-02T06:16:34.305Z [Modules] Streaming discord_spellcheck@1 to /home/andrew/.config/discord/0.0.43/modules/pending/discord_spellcheck-1.zip: 49%
2024-03-02T06:16:34.312Z [Modules] Streaming discord_spellcheck@1 to /home/andrew/.config/discord/0.0.43/modules/pending/discord_spellcheck-1.zip: 50%
2024-03-02T06:16:34.322Z [Modules] Streaming discord_spellcheck@1 to /home/andrew/.config/discord/0.0.43/modules/pending/discord_spellcheck-1.zip: 51%
2024-03-02T06:16:34.327Z [Modules] Streaming discord_spellcheck@1 to /home/andrew/.config/discord/0.0.43/modules/pending/discord_spellcheck-1.zip: 52%
2024-03-02T06:16:34.338Z [Modules] Streaming discord_spellcheck@1 to /home/andrew/.config/discord/0.0.43/modules/pending/discord_spellcheck-1.zip: 53%
2024-03-02T06:16:34.357Z [Modules] Streaming discord_spellcheck@1 to /home/andrew/.config/discord/0.0.43/modules/pending/discord_spellcheck-1.zip: 54%
2024-03-02T06:16:34.361Z [Modules] Streaming discord_spellcheck@1 to /home/andrew/.config/discord/0.0.43/modules/pending/discord_spellcheck-1.zip: 55%
2024-03-02T06:16:34.368Z [Modules] Streaming discord_spellcheck@1 to /home/andrew/.config/discord/0.0.43/modules/pending/discord_spellcheck-1.zip: 56%
2024-03-02T06:16:34.383Z [Modules] Streaming discord_spellcheck@1 to /home/andrew/.config/discord/0.0.43/modules/pending/discord_spellcheck-1.zip: 57%
2024-03-02T06:16:34.400Z [Modules] Streaming discord_spellcheck@1 to /home/andrew/.config/discord/0.0.43/modules/pending/discord_spellcheck-1.zip: 58%
2024-03-02T06:16:34.411Z [Modules] Streaming discord_spellcheck@1 to /home/andrew/.config/discord/0.0.43/modules/pending/discord_spellcheck-1.zip: 59%
2024-03-02T06:16:34.415Z [Modules] Streaming discord_spellcheck@1 to /home/andrew/.config/discord/0.0.43/modules/pending/discord_spellcheck-1.zip: 60%
2024-03-02T06:16:34.433Z [Modules] Streaming discord_spellcheck@1 to /home/andrew/.config/discord/0.0.43/modules/pending/discord_spellcheck-1.zip: 61%
2024-03-02T06:16:34.447Z [Modules] Streaming discord_spellcheck@1 to /home/andrew/.config/discord/0.0.43/modules/pending/discord_spellcheck-1.zip: 62%
2024-03-02T06:16:34.454Z [Modules] Streaming discord_spellcheck@1 to /home/andrew/.config/discord/0.0.43/modules/pending/discord_spellcheck-1.zip: 63%
2024-03-02T06:16:34.492Z [Modules] Streaming discord_spellcheck@1 to /home/andrew/.config/discord/0.0.43/modules/pending/discord_spellcheck-1.zip: 64%
2024-03-02T06:16:34.493Z [Modules] Streaming discord_spellcheck@1 to /home/andrew/.config/discord/0.0.43/modules/pending/discord_spellcheck-1.zip: 67%
2024-03-02T06:16:34.496Z [Modules] Streaming discord_spellcheck@1 to /home/andrew/.config/discord/0.0.43/modules/pending/discord_spellcheck-1.zip: 68%
2024-03-02T06:16:34.503Z [Modules] Streaming discord_spellcheck@1 to /home/andrew/.config/discord/0.0.43/modules/pending/discord_spellcheck-1.zip: 69%
2024-03-02T06:16:34.509Z [Modules] Streaming discord_spellcheck@1 to /home/andrew/.config/discord/0.0.43/modules/pending/discord_spellcheck-1.zip: 70%
2024-03-02T06:16:34.519Z [Modules] Streaming discord_spellcheck@1 to /home/andrew/.config/discord/0.0.43/modules/pending/discord_spellcheck-1.zip: 71%
2024-03-02T06:16:34.537Z [Modules] Streaming discord_spellcheck@1 to /home/andrew/.config/discord/0.0.43/modules/pending/discord_spellcheck-1.zip: 72%
2024-03-02T06:16:34.543Z [Modules] Streaming discord_spellcheck@1 to /home/andrew/.config/discord/0.0.43/modules/pending/discord_spellcheck-1.zip: 73%
2024-03-02T06:16:34.555Z [Modules] Streaming discord_spellcheck@1 to /home/andrew/.config/discord/0.0.43/modules/pending/discord_spellcheck-1.zip: 74%
2024-03-02T06:16:34.564Z [Modules] Streaming discord_spellcheck@1 to /home/andrew/.config/discord/0.0.43/modules/pending/discord_spellcheck-1.zip: 75%
2024-03-02T06:16:34.590Z [Modules] Streaming discord_spellcheck@1 to /home/andrew/.config/discord/0.0.43/modules/pending/discord_spellcheck-1.zip: 77%
2024-03-02T06:16:34.594Z [Modules] Streaming discord_spellcheck@1 to /home/andrew/.config/discord/0.0.43/modules/pending/discord_spellcheck-1.zip: 78%
2024-03-02T06:16:34.614Z [Modules] Streaming discord_spellcheck@1 to /home/andrew/.config/discord/0.0.43/modules/pending/discord_spellcheck-1.zip: 79%
2024-03-02T06:16:34.633Z [Modules] Streaming discord_spellcheck@1 to /home/andrew/.config/discord/0.0.43/modules/pending/discord_spellcheck-1.zip: 80%
2024-03-02T06:16:34.644Z [Modules] Streaming discord_spellcheck@1 to /home/andrew/.config/discord/0.0.43/modules/pending/discord_spellcheck-1.zip: 81%
2024-03-02T06:16:34.658Z [Modules] Streaming discord_spellcheck@1 to /home/andrew/.config/discord/0.0.43/modules/pending/discord_spellcheck-1.zip: 82%
2024-03-02T06:16:34.664Z [Modules] Streaming discord_spellcheck@1 to /home/andrew/.config/discord/0.0.43/modules/pending/discord_spellcheck-1.zip: 83%
2024-03-02T06:16:34.671Z [Modules] Streaming discord_spellcheck@1 to /home/andrew/.config/discord/0.0.43/modules/pending/discord_spellcheck-1.zip: 84%
2024-03-02T06:16:34.701Z [Modules] Streaming discord_spellcheck@1 to /home/andrew/.config/discord/0.0.43/modules/pending/discord_spellcheck-1.zip: 85%
2024-03-02T06:16:34.711Z [Modules] Streaming discord_spellcheck@1 to /home/andrew/.config/discord/0.0.43/modules/pending/discord_spellcheck-1.zip: 87%
2024-03-02T06:16:34.714Z [Modules] Streaming discord_spellcheck@1 to /home/andrew/.config/discord/0.0.43/modules/pending/discord_spellcheck-1.zip: 88%
2024-03-02T06:16:34.719Z [Modules] Streaming discord_spellcheck@1 to /home/andrew/.config/discord/0.0.43/modules/pending/discord_spellcheck-1.zip: 89%
2024-03-02T06:16:34.730Z [Modules] Streaming discord_spellcheck@1 to /home/andrew/.config/discord/0.0.43/modules/pending/discord_spellcheck-1.zip: 90%
2024-03-02T06:16:34.747Z [Modules] Streaming discord_spellcheck@1 to /home/andrew/.config/discord/0.0.43/modules/pending/discord_spellcheck-1.zip: 91%
2024-03-02T06:16:34.753Z [Modules] Streaming discord_spellcheck@1 to /home/andrew/.config/discord/0.0.43/modules/pending/discord_spellcheck-1.zip: 92%
2024-03-02T06:16:34.782Z [Modules] Streaming discord_spellcheck@1 to /home/andrew/.config/discord/0.0.43/modules/pending/discord_spellcheck-1.zip: 93%
2024-03-02T06:16:34.798Z [Modules] Streaming discord_spellcheck@1 to /home/andrew/.config/discord/0.0.43/modules/pending/discord_spellcheck-1.zip: 94%
2024-03-02T06:16:34.804Z [Modules] Streaming discord_spellcheck@1 to /home/andrew/.config/discord/0.0.43/modules/pending/discord_spellcheck-1.zip: 95%
2024-03-02T06:16:34.812Z [Modules] Streaming discord_spellcheck@1 to /home/andrew/.config/discord/0.0.43/modules/pending/discord_spellcheck-1.zip: 96%
2024-03-02T06:16:34.817Z [Modules] Streaming discord_spellcheck@1 to /home/andrew/.config/discord/0.0.43/modules/pending/discord_spellcheck-1.zip: 97%
2024-03-02T06:16:34.861Z [Modules] Streaming discord_spellcheck@1 to /home/andrew/.config/discord/0.0.43/modules/pending/discord_spellcheck-1.zip: 98%
2024-03-02T06:16:34.861Z [Modules] Streaming discord_spellcheck@1 to /home/andrew/.config/discord/0.0.43/modules/pending/discord_spellcheck-1.zip: 99%
2024-03-02T06:16:34.868Z [Modules] Streaming discord_spellcheck@1 to /home/andrew/.config/discord/0.0.43/modules/pending/discord_spellcheck-1.zip: 100%
2024-03-02T06:16:34.869Z [Modules] Fetching discord_utils@1 from https://discord.com/api/modules/stable/discord_utils/1
2024-03-02T06:16:34.869Z [Modules] Streaming discord_utils@1 to /home/andrew/.config/discord/0.0.43/modules/pending/discord_utils-1.zip
2024-03-02T06:16:35.029Z [Modules] Streaming discord_utils@1 to /home/andrew/.config/discord/0.0.43/modules/pending/discord_utils-1.zip: 1%
2024-03-02T06:16:35.030Z [Modules] Streaming discord_utils@1 to /home/andrew/.config/discord/0.0.43/modules/pending/discord_utils-1.zip: 2%
2024-03-02T06:16:35.034Z [Modules] Streaming discord_utils@1 to /home/andrew/.config/discord/0.0.43/modules/pending/discord_utils-1.zip: 3%
2024-03-02T06:16:35.037Z [Modules] Streaming discord_utils@1 to /home/andrew/.config/discord/0.0.43/modules/pending/discord_utils-1.zip: 4%
2024-03-02T06:16:35.039Z [Modules] Streaming discord_utils@1 to /home/andrew/.config/discord/0.0.43/modules/pending/discord_utils-1.zip: 5%
2024-03-02T06:16:35.045Z [Modules] Streaming discord_utils@1 to /home/andrew/.config/discord/0.0.43/modules/pending/discord_utils-1.zip: 7%
2024-03-02T06:16:35.052Z [Modules] Streaming discord_utils@1 to /home/andrew/.config/discord/0.0.43/modules/pending/discord_utils-1.zip: 8%
2024-03-02T06:16:35.053Z [Modules] Streaming discord_utils@1 to /home/andrew/.config/discord/0.0.43/modules/pending/discord_utils-1.zip: 9%
2024-03-02T06:16:35.055Z [Modules] Streaming discord_utils@1 to /home/andrew/.config/discord/0.0.43/modules/pending/discord_utils-1.zip: 11%
2024-03-02T06:16:35.061Z [Modules] Streaming discord_utils@1 to /home/andrew/.config/discord/0.0.43/modules/pending/discord_utils-1.zip: 13%
2024-03-02T06:16:35.090Z [Modules] Streaming discord_utils@1 to /home/andrew/.config/discord/0.0.43/modules/pending/discord_utils-1.zip: 15%
2024-03-02T06:16:35.090Z [Modules] Streaming discord_utils@1 to /home/andrew/.config/discord/0.0.43/modules/pending/discord_utils-1.zip: 16%
2024-03-02T06:16:35.096Z [Modules] Streaming discord_utils@1 to /home/andrew/.config/discord/0.0.43/modules/pending/discord_utils-1.zip: 18%
2024-03-02T06:16:35.098Z [Modules] Streaming discord_utils@1 to /home/andrew/.config/discord/0.0.43/modules/pending/discord_utils-1.zip: 19%
2024-03-02T06:16:35.103Z [Modules] Streaming discord_utils@1 to /home/andrew/.config/discord/0.0.43/modules/pending/discord_utils-1.zip: 21%
2024-03-02T06:16:35.104Z [Modules] Streaming discord_utils@1 to /home/andrew/.config/discord/0.0.43/modules/pending/discord_utils-1.zip: 23%
2024-03-02T06:16:35.106Z [Modules] Streaming discord_utils@1 to /home/andrew/.config/discord/0.0.43/modules/pending/discord_utils-1.zip: 24%
2024-03-02T06:16:35.108Z [Modules] Streaming discord_utils@1 to /home/andrew/.config/discord/0.0.43/modules/pending/discord_utils-1.zip: 25%
2024-03-02T06:16:35.112Z [Modules] Streaming discord_utils@1 to /home/andrew/.config/discord/0.0.43/modules/pending/discord_utils-1.zip: 27%
2024-03-02T06:16:35.112Z [Modules] Streaming discord_utils@1 to /home/andrew/.config/discord/0.0.43/modules/pending/discord_utils-1.zip: 28%
2024-03-02T06:16:35.116Z [Modules] Streaming discord_utils@1 to /home/andrew/.config/discord/0.0.43/modules/pending/discord_utils-1.zip: 29%
2024-03-02T06:16:35.118Z [Modules] Streaming discord_utils@1 to /home/andrew/.config/discord/0.0.43/modules/pending/discord_utils-1.zip: 31%
2024-03-02T06:16:35.120Z [Modules] Streaming discord_utils@1 to /home/andrew/.config/discord/0.0.43/modules/pending/discord_utils-1.zip: 32%
2024-03-02T06:16:35.122Z [Modules] Streaming discord_utils@1 to /home/andrew/.config/discord/0.0.43/modules/pending/discord_utils-1.zip: 33%
2024-03-02T06:16:35.144Z [Modules] Streaming discord_utils@1 to /home/andrew/.config/discord/0.0.43/modules/pending/discord_utils-1.zip: 34%
2024-03-02T06:16:35.150Z [Modules] Streaming discord_utils@1 to /home/andrew/.config/discord/0.0.43/modules/pending/discord_utils-1.zip: 35%
2024-03-02T06:16:35.151Z [Modules] Streaming discord_utils@1 to /home/andrew/.config/discord/0.0.43/modules/pending/discord_utils-1.zip: 37%
2024-03-02T06:16:35.152Z [Modules] Streaming discord_utils@1 to /home/andrew/.config/discord/0.0.43/modules/pending/discord_utils-1.zip: 43%
2024-03-02T06:16:35.159Z [Modules] Streaming discord_utils@1 to /home/andrew/.config/discord/0.0.43/modules/pending/discord_utils-1.zip: 45%
2024-03-02T06:16:35.183Z [Modules] Streaming discord_utils@1 to /home/andrew/.config/discord/0.0.43/modules/pending/discord_utils-1.zip: 48%
2024-03-02T06:16:35.186Z [Modules] Streaming discord_utils@1 to /home/andrew/.config/discord/0.0.43/modules/pending/discord_utils-1.zip: 49%
2024-03-02T06:16:35.188Z [Modules] Streaming discord_utils@1 to /home/andrew/.config/discord/0.0.43/modules/pending/discord_utils-1.zip: 51%
2024-03-02T06:16:35.193Z [Modules] Streaming discord_utils@1 to /home/andrew/.config/discord/0.0.43/modules/pending/discord_utils-1.zip: 53%
2024-03-02T06:16:35.198Z [Modules] Streaming discord_utils@1 to /home/andrew/.config/discord/0.0.43/modules/pending/discord_utils-1.zip: 54%
2024-03-02T06:16:35.208Z [Modules] Streaming discord_utils@1 to /home/andrew/.config/discord/0.0.43/modules/pending/discord_utils-1.zip: 56%
2024-03-02T06:16:35.209Z [Modules] Streaming discord_utils@1 to /home/andrew/.config/discord/0.0.43/modules/pending/discord_utils-1.zip: 57%
2024-03-02T06:16:35.211Z [Modules] Streaming discord_utils@1 to /home/andrew/.config/discord/0.0.43/modules/pending/discord_utils-1.zip: 58%
2024-03-02T06:16:35.214Z [Modules] Streaming discord_utils@1 to /home/andrew/.config/discord/0.0.43/modules/pending/discord_utils-1.zip: 60%
2024-03-02T06:16:35.216Z [Modules] Streaming discord_utils@1 to /home/andrew/.config/discord/0.0.43/modules/pending/discord_utils-1.zip: 62%
2024-03-02T06:16:35.220Z [Modules] Streaming discord_utils@1 to /home/andrew/.config/discord/0.0.43/modules/pending/discord_utils-1.zip: 63%
2024-03-02T06:16:35.222Z [Modules] Streaming discord_utils@1 to /home/andrew/.config/discord/0.0.43/modules/pending/discord_utils-1.zip: 64%
2024-03-02T06:16:35.224Z [Modules] Streaming discord_utils@1 to /home/andrew/.config/discord/0.0.43/modules/pending/discord_utils-1.zip: 66%
2024-03-02T06:16:35.226Z [Modules] Streaming discord_utils@1 to /home/andrew/.config/discord/0.0.43/modules/pending/discord_utils-1.zip: 67%
2024-03-02T06:16:35.230Z [Modules] Streaming discord_utils@1 to /home/andrew/.config/discord/0.0.43/modules/pending/discord_utils-1.zip: 69%
2024-03-02T06:16:35.234Z [Modules] Streaming discord_utils@1 to /home/andrew/.config/discord/0.0.43/modules/pending/discord_utils-1.zip: 71%
2024-03-02T06:16:35.234Z [Modules] Streaming discord_utils@1 to /home/andrew/.config/discord/0.0.43/modules/pending/discord_utils-1.zip: 72%
2024-03-02T06:16:35.241Z [Modules] Streaming discord_utils@1 to /home/andrew/.config/discord/0.0.43/modules/pending/discord_utils-1.zip: 73%
2024-03-02T06:16:35.247Z [Modules] Streaming discord_utils@1 to /home/andrew/.config/discord/0.0.43/modules/pending/discord_utils-1.zip: 74%
2024-03-02T06:16:35.273Z [Modules] Streaming discord_utils@1 to /home/andrew/.config/discord/0.0.43/modules/pending/discord_utils-1.zip: 76%
2024-03-02T06:16:35.282Z [Modules] Streaming discord_utils@1 to /home/andrew/.config/discord/0.0.43/modules/pending/discord_utils-1.zip: 78%
2024-03-02T06:16:35.283Z [Modules] Streaming discord_utils@1 to /home/andrew/.config/discord/0.0.43/modules/pending/discord_utils-1.zip: 89%
2024-03-02T06:16:35.287Z [Modules] Streaming discord_utils@1 to /home/andrew/.config/discord/0.0.43/modules/pending/discord_utils-1.zip: 91%
2024-03-02T06:16:35.288Z [Modules] Streaming discord_utils@1 to /home/andrew/.config/discord/0.0.43/modules/pending/discord_utils-1.zip: 92%
2024-03-02T06:16:35.292Z [Modules] Streaming discord_utils@1 to /home/andrew/.config/discord/0.0.43/modules/pending/discord_utils-1.zip: 93%
2024-03-02T06:16:35.293Z [Modules] Streaming discord_utils@1 to /home/andrew/.config/discord/0.0.43/modules/pending/discord_utils-1.zip: 94%
2024-03-02T06:16:35.299Z [Modules] Streaming discord_utils@1 to /home/andrew/.config/discord/0.0.43/modules/pending/discord_utils-1.zip: 95%
2024-03-02T06:16:35.303Z [Modules] Streaming discord_utils@1 to /home/andrew/.config/discord/0.0.43/modules/pending/discord_utils-1.zip: 97%
2024-03-02T06:16:35.304Z [Modules] Streaming discord_utils@1 to /home/andrew/.config/discord/0.0.43/modules/pending/discord_utils-1.zip: 98%
2024-03-02T06:16:35.308Z [Modules] Streaming discord_utils@1 to /home/andrew/.config/discord/0.0.43/modules/pending/discord_utils-1.zip: 100%
2024-03-02T06:16:35.309Z [Modules] Fetching discord_voice@1 from https://discord.com/api/modules/stable/discord_voice/1
2024-03-02T06:16:35.309Z [Modules] Streaming discord_voice@1 to /home/andrew/.config/discord/0.0.43/modules/pending/discord_voice-1.zip
2024-03-02T06:16:35.498Z [Modules] Streaming discord_voice@1 to /home/andrew/.config/discord/0.0.43/modules/pending/discord_voice-1.zip: 1%
2024-03-02T06:16:35.504Z [Modules] Streaming discord_voice@1 to /home/andrew/.config/discord/0.0.43/modules/pending/discord_voice-1.zip: 2%
2024-03-02T06:16:35.554Z [Modules] Streaming discord_voice@1 to /home/andrew/.config/discord/0.0.43/modules/pending/discord_voice-1.zip: 3%
2024-03-02T06:16:35.574Z [Modules] Streaming discord_voice@1 to /home/andrew/.config/discord/0.0.43/modules/pending/discord_voice-1.zip: 4%
2024-03-02T06:16:35.637Z [Modules] Streaming discord_voice@1 to /home/andrew/.config/discord/0.0.43/modules/pending/discord_voice-1.zip: 5%
2024-03-02T06:16:35.647Z [Modules] Streaming discord_voice@1 to /home/andrew/.config/discord/0.0.43/modules/pending/discord_voice-1.zip: 6%
2024-03-02T06:16:35.648Z [Modules] Streaming discord_voice@1 to /home/andrew/.config/discord/0.0.43/modules/pending/discord_voice-1.zip: 7%
2024-03-02T06:16:35.670Z [Modules] Streaming discord_voice@1 to /home/andrew/.config/discord/0.0.43/modules/pending/discord_voice-1.zip: 8%
2024-03-02T06:16:35.677Z [Modules] Streaming discord_voice@1 to /home/andrew/.config/discord/0.0.43/modules/pending/discord_voice-1.zip: 9%
2024-03-02T06:16:35.724Z [Modules] Streaming discord_voice@1 to /home/andrew/.config/discord/0.0.43/modules/pending/discord_voice-1.zip: 10%
2024-03-02T06:16:35.731Z [Modules] Streaming discord_voice@1 to /home/andrew/.config/discord/0.0.43/modules/pending/discord_voice-1.zip: 11%
2024-03-02T06:16:35.766Z [Modules] Streaming discord_voice@1 to /home/andrew/.config/discord/0.0.43/modules/pending/discord_voice-1.zip: 12%
2024-03-02T06:16:35.777Z [Modules] Streaming discord_voice@1 to /home/andrew/.config/discord/0.0.43/modules/pending/discord_voice-1.zip: 13%
2024-03-02T06:16:35.794Z [Modules] Streaming discord_voice@1 to /home/andrew/.config/discord/0.0.43/modules/pending/discord_voice-1.zip: 14%
2024-03-02T06:16:35.844Z [Modules] Streaming discord_voice@1 to /home/andrew/.config/discord/0.0.43/modules/pending/discord_voice-1.zip: 15%
2024-03-02T06:16:35.845Z [Modules] Streaming discord_voice@1 to /home/andrew/.config/discord/0.0.43/modules/pending/discord_voice-1.zip: 16%
2024-03-02T06:16:35.887Z [Modules] Streaming discord_voice@1 to /home/andrew/.config/discord/0.0.43/modules/pending/discord_voice-1.zip: 17%
2024-03-02T06:16:35.891Z [Modules] Streaming discord_voice@1 to /home/andrew/.config/discord/0.0.43/modules/pending/discord_voice-1.zip: 18%
2024-03-02T06:16:35.934Z [Modules] Streaming discord_voice@1 to /home/andrew/.config/discord/0.0.43/modules/pending/discord_voice-1.zip: 19%
2024-03-02T06:16:35.951Z [Modules] Streaming discord_voice@1 to /home/andrew/.config/discord/0.0.43/modules/pending/discord_voice-1.zip: 20%
2024-03-02T06:16:35.974Z [Modules] Streaming discord_voice@1 to /home/andrew/.config/discord/0.0.43/modules/pending/discord_voice-1.zip: 21%
2024-03-02T06:16:35.997Z [Modules] Streaming discord_voice@1 to /home/andrew/.config/discord/0.0.43/modules/pending/discord_voice-1.zip: 22%
2024-03-02T06:16:36.027Z [Modules] Streaming discord_voice@1 to /home/andrew/.config/discord/0.0.43/modules/pending/discord_voice-1.zip: 23%
2024-03-02T06:16:36.069Z [Modules] Streaming discord_voice@1 to /home/andrew/.config/discord/0.0.43/modules/pending/discord_voice-1.zip: 24%
2024-03-02T06:16:36.097Z [Modules] Streaming discord_voice@1 to /home/andrew/.config/discord/0.0.43/modules/pending/discord_voice-1.zip: 25%
2024-03-02T06:16:36.100Z [Modules] Streaming discord_voice@1 to /home/andrew/.config/discord/0.0.43/modules/pending/discord_voice-1.zip: 26%
2024-03-02T06:16:36.122Z [Modules] Streaming discord_voice@1 to /home/andrew/.config/discord/0.0.43/modules/pending/discord_voice-1.zip: 27%
2024-03-02T06:16:36.173Z [Modules] Streaming discord_voice@1 to /home/andrew/.config/discord/0.0.43/modules/pending/discord_voice-1.zip: 28%
2024-03-02T06:16:36.198Z [Modules] Streaming discord_voice@1 to /home/andrew/.config/discord/0.0.43/modules/pending/discord_voice-1.zip: 29%
2024-03-02T06:16:36.208Z [Modules] Streaming discord_voice@1 to /home/andrew/.config/discord/0.0.43/modules/pending/discord_voice-1.zip: 30%
2024-03-02T06:16:36.234Z [Modules] Streaming discord_voice@1 to /home/andrew/.config/discord/0.0.43/modules/pending/discord_voice-1.zip: 31%
2024-03-02T06:16:36.281Z [Modules] Streaming discord_voice@1 to /home/andrew/.config/discord/0.0.43/modules/pending/discord_voice-1.zip: 32%
2024-03-02T06:16:36.297Z [Modules] Streaming discord_voice@1 to /home/andrew/.config/discord/0.0.43/modules/pending/discord_voice-1.zip: 33%
2024-03-02T06:16:36.303Z [Modules] Streaming discord_voice@1 to /home/andrew/.config/discord/0.0.43/modules/pending/discord_voice-1.zip: 34%
2024-03-02T06:16:36.328Z [Modules] Streaming discord_voice@1 to /home/andrew/.config/discord/0.0.43/modules/pending/discord_voice-1.zip: 35%
2024-03-02T06:16:36.375Z [Modules] Streaming discord_voice@1 to /home/andrew/.config/discord/0.0.43/modules/pending/discord_voice-1.zip: 36%
2024-03-02T06:16:36.378Z [Modules] Streaming discord_voice@1 to /home/andrew/.config/discord/0.0.43/modules/pending/discord_voice-1.zip: 37%
2024-03-02T06:16:36.416Z [Modules] Streaming discord_voice@1 to /home/andrew/.config/discord/0.0.43/modules/pending/discord_voice-1.zip: 38%
2024-03-02T06:16:36.430Z [Modules] Streaming discord_voice@1 to /home/andrew/.config/discord/0.0.43/modules/pending/discord_voice-1.zip: 39%
2024-03-02T06:16:36.477Z [Modules] Streaming discord_voice@1 to /home/andrew/.config/discord/0.0.43/modules/pending/discord_voice-1.zip: 40%
2024-03-02T06:16:36.507Z [Modules] Streaming discord_voice@1 to /home/andrew/.config/discord/0.0.43/modules/pending/discord_voice-1.zip: 41%
2024-03-02T06:16:36.528Z [Modules] Streaming discord_voice@1 to /home/andrew/.config/discord/0.0.43/modules/pending/discord_voice-1.zip: 42%
2024-03-02T06:16:36.537Z [Modules] Streaming discord_voice@1 to /home/andrew/.config/discord/0.0.43/modules/pending/discord_voice-1.zip: 43%
2024-03-02T06:16:36.564Z [Modules] Streaming discord_voice@1 to /home/andrew/.config/discord/0.0.43/modules/pending/discord_voice-1.zip: 44%
2024-03-02T06:16:36.588Z [Modules] Streaming discord_voice@1 to /home/andrew/.config/discord/0.0.43/modules/pending/discord_voice-1.zip: 45%
2024-03-02T06:16:36.609Z [Modules] Streaming discord_voice@1 to /home/andrew/.config/discord/0.0.43/modules/pending/discord_voice-1.zip: 46%
2024-03-02T06:16:36.644Z [Modules] Streaming discord_voice@1 to /home/andrew/.config/discord/0.0.43/modules/pending/discord_voice-1.zip: 47%
2024-03-02T06:16:36.653Z [Modules] Streaming discord_voice@1 to /home/andrew/.config/discord/0.0.43/modules/pending/discord_voice-1.zip: 48%
2024-03-02T06:16:36.685Z [Modules] Streaming discord_voice@1 to /home/andrew/.config/discord/0.0.43/modules/pending/discord_voice-1.zip: 49%
2024-03-02T06:16:36.704Z [Modules] Streaming discord_voice@1 to /home/andrew/.config/discord/0.0.43/modules/pending/discord_voice-1.zip: 50%
2024-03-02T06:16:36.742Z [Modules] Streaming discord_voice@1 to /home/andrew/.config/discord/0.0.43/modules/pending/discord_voice-1.zip: 51%
2024-03-02T06:16:36.781Z [Modules] Streaming discord_voice@1 to /home/andrew/.config/discord/0.0.43/modules/pending/discord_voice-1.zip: 52%
2024-03-02T06:16:36.782Z [Modules] Streaming discord_voice@1 to /home/andrew/.config/discord/0.0.43/modules/pending/discord_voice-1.zip: 53%
2024-03-02T06:16:36.828Z [Modules] Streaming discord_voice@1 to /home/andrew/.config/discord/0.0.43/modules/pending/discord_voice-1.zip: 54%
2024-03-02T06:16:36.832Z [Modules] Streaming discord_voice@1 to /home/andrew/.config/discord/0.0.43/modules/pending/discord_voice-1.zip: 55%
2024-03-02T06:16:36.866Z [Modules] Streaming discord_voice@1 to /home/andrew/.config/discord/0.0.43/modules/pending/discord_voice-1.zip: 56%
2024-03-02T06:16:36.891Z [Modules] Streaming discord_voice@1 to /home/andrew/.config/discord/0.0.43/modules/pending/discord_voice-1.zip: 57%
2024-03-02T06:16:36.892Z [Modules] Streaming discord_voice@1 to /home/andrew/.config/discord/0.0.43/modules/pending/discord_voice-1.zip: 58%
2024-03-02T06:16:36.933Z [Modules] Streaming discord_voice@1 to /home/andrew/.config/discord/0.0.43/modules/pending/discord_voice-1.zip: 59%
2024-03-02T06:16:36.962Z [Modules] Streaming discord_voice@1 to /home/andrew/.config/discord/0.0.43/modules/pending/discord_voice-1.zip: 60%
2024-03-02T06:16:36.987Z [Modules] Streaming discord_voice@1 to /home/andrew/.config/discord/0.0.43/modules/pending/discord_voice-1.zip: 61%
2024-03-02T06:16:37.001Z [Modules] Streaming discord_voice@1 to /home/andrew/.config/discord/0.0.43/modules/pending/discord_voice-1.zip: 62%
2024-03-02T06:16:37.006Z [Modules] Streaming discord_voice@1 to /home/andrew/.config/discord/0.0.43/modules/pending/discord_voice-1.zip: 63%
2024-03-02T06:16:37.046Z [Modules] Streaming discord_voice@1 to /home/andrew/.config/discord/0.0.43/modules/pending/discord_voice-1.zip: 64%
2024-03-02T06:16:37.064Z [Modules] Streaming discord_voice@1 to /home/andrew/.config/discord/0.0.43/modules/pending/discord_voice-1.zip: 65%
2024-03-02T06:16:37.081Z [Modules] Streaming discord_voice@1 to /home/andrew/.config/discord/0.0.43/modules/pending/discord_voice-1.zip: 66%
2024-03-02T06:16:37.118Z [Modules] Streaming discord_voice@1 to /home/andrew/.config/discord/0.0.43/modules/pending/discord_voice-1.zip: 67%
2024-03-02T06:16:37.165Z [Modules] Streaming discord_voice@1 to /home/andrew/.config/discord/0.0.43/modules/pending/discord_voice-1.zip: 68%
2024-03-02T06:16:37.180Z [Modules] Streaming discord_voice@1 to /home/andrew/.config/discord/0.0.43/modules/pending/discord_voice-1.zip: 69%
2024-03-02T06:16:37.194Z [Modules] Streaming discord_voice@1 to /home/andrew/.config/discord/0.0.43/modules/pending/discord_voice-1.zip: 70%
2024-03-02T06:16:37.217Z [Modules] Streaming discord_voice@1 to /home/andrew/.config/discord/0.0.43/modules/pending/discord_voice-1.zip: 71%
2024-03-02T06:16:37.227Z [Modules] Streaming discord_voice@1 to /home/andrew/.config/discord/0.0.43/modules/pending/discord_voice-1.zip: 72%
2024-03-02T06:16:37.269Z [Modules] Streaming discord_voice@1 to /home/andrew/.config/discord/0.0.43/modules/pending/discord_voice-1.zip: 73%
2024-03-02T06:16:37.284Z [Modules] Streaming discord_voice@1 to /home/andrew/.config/discord/0.0.43/modules/pending/discord_voice-1.zip: 74%
2024-03-02T06:16:37.319Z [Modules] Streaming discord_voice@1 to /home/andrew/.config/discord/0.0.43/modules/pending/discord_voice-1.zip: 75%
2024-03-02T06:16:37.338Z [Modules] Streaming discord_voice@1 to /home/andrew/.config/discord/0.0.43/modules/pending/discord_voice-1.zip: 76%
2024-03-02T06:16:37.370Z [Modules] Streaming discord_voice@1 to /home/andrew/.config/discord/0.0.43/modules/pending/discord_voice-1.zip: 77%
2024-03-02T06:16:37.390Z [Modules] Streaming discord_voice@1 to /home/andrew/.config/discord/0.0.43/modules/pending/discord_voice-1.zip: 78%
2024-03-02T06:16:37.408Z [Modules] Streaming discord_voice@1 to /home/andrew/.config/discord/0.0.43/modules/pending/discord_voice-1.zip: 79%
2024-03-02T06:16:37.430Z [Modules] Streaming discord_voice@1 to /home/andrew/.config/discord/0.0.43/modules/pending/discord_voice-1.zip: 80%
2024-03-02T06:16:37.451Z [Modules] Streaming discord_voice@1 to /home/andrew/.config/discord/0.0.43/modules/pending/discord_voice-1.zip: 81%
2024-03-02T06:16:37.481Z [Modules] Streaming discord_voice@1 to /home/andrew/.config/discord/0.0.43/modules/pending/discord_voice-1.zip: 82%
2024-03-02T06:16:37.501Z [Modules] Streaming discord_voice@1 to /home/andrew/.config/discord/0.0.43/modules/pending/discord_voice-1.zip: 83%
2024-03-02T06:16:37.535Z [Modules] Streaming discord_voice@1 to /home/andrew/.config/discord/0.0.43/modules/pending/discord_voice-1.zip: 84%
2024-03-02T06:16:37.552Z [Modules] Streaming discord_voice@1 to /home/andrew/.config/discord/0.0.43/modules/pending/discord_voice-1.zip: 85%
2024-03-02T06:16:37.561Z [Modules] Streaming discord_voice@1 to /home/andrew/.config/discord/0.0.43/modules/pending/discord_voice-1.zip: 86%
2024-03-02T06:16:37.594Z [Modules] Streaming discord_voice@1 to /home/andrew/.config/discord/0.0.43/modules/pending/discord_voice-1.zip: 87%
2024-03-02T06:16:37.615Z [Modules] Streaming discord_voice@1 to /home/andrew/.config/discord/0.0.43/modules/pending/discord_voice-1.zip: 88%
2024-03-02T06:16:37.646Z [Modules] Streaming discord_voice@1 to /home/andrew/.config/discord/0.0.43/modules/pending/discord_voice-1.zip: 89%
2024-03-02T06:16:37.674Z [Modules] Streaming discord_voice@1 to /home/andrew/.config/discord/0.0.43/modules/pending/discord_voice-1.zip: 90%
2024-03-02T06:16:37.684Z [Modules] Streaming discord_voice@1 to /home/andrew/.config/discord/0.0.43/modules/pending/discord_voice-1.zip: 91%
2024-03-02T06:16:37.724Z [Modules] Streaming discord_voice@1 to /home/andrew/.config/discord/0.0.43/modules/pending/discord_voice-1.zip: 92%
2024-03-02T06:16:37.740Z [Modules] Streaming discord_voice@1 to /home/andrew/.config/discord/0.0.43/modules/pending/discord_voice-1.zip: 93%
2024-03-02T06:16:37.770Z [Modules] Streaming discord_voice@1 to /home/andrew/.config/discord/0.0.43/modules/pending/discord_voice-1.zip: 94%
2024-03-02T06:16:37.793Z [Modules] Streaming discord_voice@1 to /home/andrew/.config/discord/0.0.43/modules/pending/discord_voice-1.zip: 95%
2024-03-02T06:16:37.796Z [Modules] Streaming discord_voice@1 to /home/andrew/.config/discord/0.0.43/modules/pending/discord_voice-1.zip: 96%
2024-03-02T06:16:37.832Z [Modules] Streaming discord_voice@1 to /home/andrew/.config/discord/0.0.43/modules/pending/discord_voice-1.zip: 97%
2024-03-02T06:16:37.868Z [Modules] Streaming discord_voice@1 to /home/andrew/.config/discord/0.0.43/modules/pending/discord_voice-1.zip: 98%
2024-03-02T06:16:37.887Z [Modules] Streaming discord_voice@1 to /home/andrew/.config/discord/0.0.43/modules/pending/discord_voice-1.zip: 99%
2024-03-02T06:16:37.901Z [Modules] Streaming discord_voice@1 to /home/andrew/.config/discord/0.0.43/modules/pending/discord_voice-1.zip: 100%
2024-03-02T06:16:37.902Z [Modules] Finished module downloads. [success: 5] [failure: 0]
2024-03-02T06:16:37.902Z [Modules] Installing updates...
2024-03-02T06:16:37.902Z [Modules] Installing discord_desktop_core@1 from /home/andrew/.config/discord/0.0.43/modules/pending/discord_desktop_core-1.zip
2024-03-02T06:16:37.958Z [Modules] Installing discord_erlpack@1 from /home/andrew/.config/discord/0.0.43/modules/pending/discord_erlpack-1.zip
2024-03-02T06:16:38.002Z [Modules] Installing discord_spellcheck@1 from /home/andrew/.config/discord/0.0.43/modules/pending/discord_spellcheck-1.zip
2024-03-02T06:16:38.462Z [Modules] Installing discord_utils@1 from /home/andrew/.config/discord/0.0.43/modules/pending/discord_utils-1.zip
2024-03-02T06:16:38.534Z [Modules] Installing discord_voice@1 from /home/andrew/.config/discord/0.0.43/modules/pending/discord_voice-1.zip
2024-03-02T06:16:38.929Z [Modules] Finished module installations. [success: 5] [failure: 0]
2024-03-02T06:16:38.929Z [Modules] Checking for host updates.
2024-03-02T06:16:39.046Z [Modules] Host is up to date.
2024-03-02T06:16:39.047Z [Modules] Checking for module updates at https://discord.com/api/modules/stable/versions.json
2024-03-02T06:16:39.048Z [Modules] No module updates available.
2024-03-02T06:16:42.892Z [Modules] Starting to install discord_krisp...
2024-03-02T06:16:42.892Z [Modules] Fetching discord_krisp@1 from https://discord.com/api/modules/stable/discord_krisp/1
2024-03-02T06:16:42.893Z [Modules] Streaming discord_krisp@1 to /home/andrew/.config/discord/0.0.43/modules/pending/discord_krisp-1.zip
2024-03-02T06:16:42.899Z [Modules] Starting to install discord_game_utils...
2024-03-02T06:16:43.088Z [Modules] Streaming discord_krisp@1 to /home/andrew/.config/discord/0.0.43/modules/pending/discord_krisp-1.zip: 1%
2024-03-02T06:16:43.101Z [Modules] Streaming discord_krisp@1 to /home/andrew/.config/discord/0.0.43/modules/pending/discord_krisp-1.zip: 2%
2024-03-02T06:16:43.144Z [Modules] Streaming discord_krisp@1 to /home/andrew/.config/discord/0.0.43/modules/pending/discord_krisp-1.zip: 3%
2024-03-02T06:16:43.163Z [Modules] Streaming discord_krisp@1 to /home/andrew/.config/discord/0.0.43/modules/pending/discord_krisp-1.zip: 4%
2024-03-02T06:16:43.202Z [Modules] Streaming discord_krisp@1 to /home/andrew/.config/discord/0.0.43/modules/pending/discord_krisp-1.zip: 5%
2024-03-02T06:16:43.246Z [Modules] Streaming discord_krisp@1 to /home/andrew/.config/discord/0.0.43/modules/pending/discord_krisp-1.zip: 6%
2024-03-02T06:16:43.246Z [Modules] Streaming discord_krisp@1 to /home/andrew/.config/discord/0.0.43/modules/pending/discord_krisp-1.zip: 7%
2024-03-02T06:16:43.282Z [Modules] Streaming discord_krisp@1 to /home/andrew/.config/discord/0.0.43/modules/pending/discord_krisp-1.zip: 8%
2024-03-02T06:16:43.288Z [Modules] Streaming discord_krisp@1 to /home/andrew/.config/discord/0.0.43/modules/pending/discord_krisp-1.zip: 9%
2024-03-02T06:16:43.305Z [Modules] Streaming discord_krisp@1 to /home/andrew/.config/discord/0.0.43/modules/pending/discord_krisp-1.zip: 10%
2024-03-02T06:16:43.316Z [Modules] Streaming discord_krisp@1 to /home/andrew/.config/discord/0.0.43/modules/pending/discord_krisp-1.zip: 11%
2024-03-02T06:16:43.336Z [Modules] Streaming discord_krisp@1 to /home/andrew/.config/discord/0.0.43/modules/pending/discord_krisp-1.zip: 12%
2024-03-02T06:16:43.348Z [Modules] Streaming discord_krisp@1 to /home/andrew/.config/discord/0.0.43/modules/pending/discord_krisp-1.zip: 13%
2024-03-02T06:16:43.351Z [Modules] Streaming discord_krisp@1 to /home/andrew/.config/discord/0.0.43/modules/pending/discord_krisp-1.zip: 14%
2024-03-02T06:16:43.397Z [Modules] Streaming discord_krisp@1 to /home/andrew/.config/discord/0.0.43/modules/pending/discord_krisp-1.zip: 15%
2024-03-02T06:16:43.421Z [Modules] Streaming discord_krisp@1 to /home/andrew/.config/discord/0.0.43/modules/pending/discord_krisp-1.zip: 16%
2024-03-02T06:16:43.422Z [Modules] Streaming discord_krisp@1 to /home/andrew/.config/discord/0.0.43/modules/pending/discord_krisp-1.zip: 17%
2024-03-02T06:16:43.480Z [Modules] Streaming discord_krisp@1 to /home/andrew/.config/discord/0.0.43/modules/pending/discord_krisp-1.zip: 18%
2024-03-02T06:16:43.506Z [Modules] Streaming discord_krisp@1 to /home/andrew/.config/discord/0.0.43/modules/pending/discord_krisp-1.zip: 19%
2024-03-02T06:16:43.516Z [Modules] Streaming discord_krisp@1 to /home/andrew/.config/discord/0.0.43/modules/pending/discord_krisp-1.zip: 20%
2024-03-02T06:16:43.516Z [Modules] Streaming discord_krisp@1 to /home/andrew/.config/discord/0.0.43/modules/pending/discord_krisp-1.zip: 21%
2024-03-02T06:16:43.529Z [Modules] Streaming discord_krisp@1 to /home/andrew/.config/discord/0.0.43/modules/pending/discord_krisp-1.zip: 22%
2024-03-02T06:16:43.545Z [Modules] Streaming discord_krisp@1 to /home/andrew/.config/discord/0.0.43/modules/pending/discord_krisp-1.zip: 23%
2024-03-02T06:16:43.567Z [Modules] Streaming discord_krisp@1 to /home/andrew/.config/discord/0.0.43/modules/pending/discord_krisp-1.zip: 24%
2024-03-02T06:16:43.582Z [Modules] Streaming discord_krisp@1 to /home/andrew/.config/discord/0.0.43/modules/pending/discord_krisp-1.zip: 25%
2024-03-02T06:16:43.602Z [Modules] Streaming discord_krisp@1 to /home/andrew/.config/discord/0.0.43/modules/pending/discord_krisp-1.zip: 26%
2024-03-02T06:16:43.647Z [Modules] Streaming discord_krisp@1 to /home/andrew/.config/discord/0.0.43/modules/pending/discord_krisp-1.zip: 27%
2024-03-02T06:16:43.662Z [Modules] Streaming discord_krisp@1 to /home/andrew/.config/discord/0.0.43/modules/pending/discord_krisp-1.zip: 28%
2024-03-02T06:16:43.664Z [Modules] Streaming discord_krisp@1 to /home/andrew/.config/discord/0.0.43/modules/pending/discord_krisp-1.zip: 29%
2024-03-02T06:16:43.691Z [Modules] Streaming discord_krisp@1 to /home/andrew/.config/discord/0.0.43/modules/pending/discord_krisp-1.zip: 30%
2024-03-02T06:16:43.709Z [Modules] Streaming discord_krisp@1 to /home/andrew/.config/discord/0.0.43/modules/pending/discord_krisp-1.zip: 31%
2024-03-02T06:16:43.759Z [Modules] Streaming discord_krisp@1 to /home/andrew/.config/discord/0.0.43/modules/pending/discord_krisp-1.zip: 32%
2024-03-02T06:16:43.760Z [Modules] Streaming discord_krisp@1 to /home/andrew/.config/discord/0.0.43/modules/pending/discord_krisp-1.zip: 33%
2024-03-02T06:16:43.777Z [Modules] Streaming discord_krisp@1 to /home/andrew/.config/discord/0.0.43/modules/pending/discord_krisp-1.zip: 34%
2024-03-02T06:16:43.829Z [Modules] Streaming discord_krisp@1 to /home/andrew/.config/discord/0.0.43/modules/pending/discord_krisp-1.zip: 35%
2024-03-02T06:16:43.839Z [Modules] Streaming discord_krisp@1 to /home/andrew/.config/discord/0.0.43/modules/pending/discord_krisp-1.zip: 36%
2024-03-02T06:16:43.876Z [Modules] Streaming discord_krisp@1 to /home/andrew/.config/discord/0.0.43/modules/pending/discord_krisp-1.zip: 37%
2024-03-02T06:16:43.893Z [Modules] Streaming discord_krisp@1 to /home/andrew/.config/discord/0.0.43/modules/pending/discord_krisp-1.zip: 38%
2024-03-02T06:16:43.904Z [Modules] Streaming discord_krisp@1 to /home/andrew/.config/discord/0.0.43/modules/pending/discord_krisp-1.zip: 39%
2024-03-02T06:16:43.945Z [Modules] Streaming discord_krisp@1 to /home/andrew/.config/discord/0.0.43/modules/pending/discord_krisp-1.zip: 40%
2024-03-02T06:16:43.978Z [Modules] Streaming discord_krisp@1 to /home/andrew/.config/discord/0.0.43/modules/pending/discord_krisp-1.zip: 41%
2024-03-02T06:16:43.992Z [Modules] Streaming discord_krisp@1 to /home/andrew/.config/discord/0.0.43/modules/pending/discord_krisp-1.zip: 42%
2024-03-02T06:16:43.995Z [Modules] Streaming discord_krisp@1 to /home/andrew/.config/discord/0.0.43/modules/pending/discord_krisp-1.zip: 43%
2024-03-02T06:16:44.035Z [Modules] Streaming discord_krisp@1 to /home/andrew/.config/discord/0.0.43/modules/pending/discord_krisp-1.zip: 44%
2024-03-02T06:16:44.053Z [Modules] Streaming discord_krisp@1 to /home/andrew/.config/discord/0.0.43/modules/pending/discord_krisp-1.zip: 45%
2024-03-02T06:16:44.088Z [Modules] Streaming discord_krisp@1 to /home/andrew/.config/discord/0.0.43/modules/pending/discord_krisp-1.zip: 46%
2024-03-02T06:16:44.113Z [Modules] Streaming discord_krisp@1 to /home/andrew/.config/discord/0.0.43/modules/pending/discord_krisp-1.zip: 47%
2024-03-02T06:16:44.141Z [Modules] Streaming discord_krisp@1 to /home/andrew/.config/discord/0.0.43/modules/pending/discord_krisp-1.zip: 48%
2024-03-02T06:16:44.163Z [Modules] Streaming discord_krisp@1 to /home/andrew/.config/discord/0.0.43/modules/pending/discord_krisp-1.zip: 49%
2024-03-02T06:16:44.164Z [Modules] Streaming discord_krisp@1 to /home/andrew/.config/discord/0.0.43/modules/pending/discord_krisp-1.zip: 50%
2024-03-02T06:16:44.212Z [Modules] Streaming discord_krisp@1 to /home/andrew/.config/discord/0.0.43/modules/pending/discord_krisp-1.zip: 51%
2024-03-02T06:16:44.227Z [Modules] Streaming discord_krisp@1 to /home/andrew/.config/discord/0.0.43/modules/pending/discord_krisp-1.zip: 52%
2024-03-02T06:16:44.248Z [Modules] Streaming discord_krisp@1 to /home/andrew/.config/discord/0.0.43/modules/pending/discord_krisp-1.zip: 53%
2024-03-02T06:16:44.249Z [Modules] Streaming discord_krisp@1 to /home/andrew/.config/discord/0.0.43/modules/pending/discord_krisp-1.zip: 54%
2024-03-02T06:16:44.284Z [Modules] Streaming discord_krisp@1 to /home/andrew/.config/discord/0.0.43/modules/pending/discord_krisp-1.zip: 55%
2024-03-02T06:16:44.295Z [Modules] Streaming discord_krisp@1 to /home/andrew/.config/discord/0.0.43/modules/pending/discord_krisp-1.zip: 56%
2024-03-02T06:16:44.323Z [Modules] Streaming discord_krisp@1 to /home/andrew/.config/discord/0.0.43/modules/pending/discord_krisp-1.zip: 57%
2024-03-02T06:16:44.337Z [Modules] Streaming discord_krisp@1 to /home/andrew/.config/discord/0.0.43/modules/pending/discord_krisp-1.zip: 58%
2024-03-02T06:16:44.363Z [Modules] Streaming discord_krisp@1 to /home/andrew/.config/discord/0.0.43/modules/pending/discord_krisp-1.zip: 59%
2024-03-02T06:16:44.391Z [Modules] Streaming discord_krisp@1 to /home/andrew/.config/discord/0.0.43/modules/pending/discord_krisp-1.zip: 60%
2024-03-02T06:16:44.404Z [Modules] Streaming discord_krisp@1 to /home/andrew/.config/discord/0.0.43/modules/pending/discord_krisp-1.zip: 61%
2024-03-02T06:16:44.424Z [Modules] Streaming discord_krisp@1 to /home/andrew/.config/discord/0.0.43/modules/pending/discord_krisp-1.zip: 62%
2024-03-02T06:16:44.428Z [Modules] Streaming discord_krisp@1 to /home/andrew/.config/discord/0.0.43/modules/pending/discord_krisp-1.zip: 63%
2024-03-02T06:16:44.434Z [Modules] Streaming discord_krisp@1 to /home/andrew/.config/discord/0.0.43/modules/pending/discord_krisp-1.zip: 64%
2024-03-02T06:16:44.492Z [Modules] Streaming discord_krisp@1 to /home/andrew/.config/discord/0.0.43/modules/pending/discord_krisp-1.zip: 65%
2024-03-02T06:16:44.499Z [Modules] Streaming discord_krisp@1 to /home/andrew/.config/discord/0.0.43/modules/pending/discord_krisp-1.zip: 66%
2024-03-02T06:16:44.522Z [Modules] Streaming discord_krisp@1 to /home/andrew/.config/discord/0.0.43/modules/pending/discord_krisp-1.zip: 67%
2024-03-02T06:16:44.542Z [Modules] Streaming discord_krisp@1 to /home/andrew/.config/discord/0.0.43/modules/pending/discord_krisp-1.zip: 68%
2024-03-02T06:16:44.567Z [Modules] Streaming discord_krisp@1 to /home/andrew/.config/discord/0.0.43/modules/pending/discord_krisp-1.zip: 69%
2024-03-02T06:16:44.568Z [Modules] Streaming discord_krisp@1 to /home/andrew/.config/discord/0.0.43/modules/pending/discord_krisp-1.zip: 70%
2024-03-02T06:16:44.571Z [Modules] Streaming discord_krisp@1 to /home/andrew/.config/discord/0.0.43/modules/pending/discord_krisp-1.zip: 71%
2024-03-02T06:16:44.593Z [Modules] Streaming discord_krisp@1 to /home/andrew/.config/discord/0.0.43/modules/pending/discord_krisp-1.zip: 72%
2024-03-02T06:16:44.651Z [Modules] Streaming discord_krisp@1 to /home/andrew/.config/discord/0.0.43/modules/pending/discord_krisp-1.zip: 73%
2024-03-02T06:16:44.654Z [Modules] Streaming discord_krisp@1 to /home/andrew/.config/discord/0.0.43/modules/pending/discord_krisp-1.zip: 74%
2024-03-02T06:16:44.672Z [Modules] Streaming discord_krisp@1 to /home/andrew/.config/discord/0.0.43/modules/pending/discord_krisp-1.zip: 75%
2024-03-02T06:16:44.673Z [Modules] Streaming discord_krisp@1 to /home/andrew/.config/discord/0.0.43/modules/pending/discord_krisp-1.zip: 76%
2024-03-02T06:16:44.687Z [Modules] Streaming discord_krisp@1 to /home/andrew/.config/discord/0.0.43/modules/pending/discord_krisp-1.zip: 77%
2024-03-02T06:16:44.717Z [Modules] Streaming discord_krisp@1 to /home/andrew/.config/discord/0.0.43/modules/pending/discord_krisp-1.zip: 78%
2024-03-02T06:16:44.759Z [Modules] Streaming discord_krisp@1 to /home/andrew/.config/discord/0.0.43/modules/pending/discord_krisp-1.zip: 79%
2024-03-02T06:16:44.772Z [Modules] Streaming discord_krisp@1 to /home/andrew/.config/discord/0.0.43/modules/pending/discord_krisp-1.zip: 80%
2024-03-02T06:16:44.806Z [Modules] Streaming discord_krisp@1 to /home/andrew/.config/discord/0.0.43/modules/pending/discord_krisp-1.zip: 81%
2024-03-02T06:16:44.840Z [Modules] Streaming discord_krisp@1 to /home/andrew/.config/discord/0.0.43/modules/pending/discord_krisp-1.zip: 82%
2024-03-02T06:16:44.841Z [Modules] Streaming discord_krisp@1 to /home/andrew/.config/discord/0.0.43/modules/pending/discord_krisp-1.zip: 83%
2024-03-02T06:16:44.883Z [Modules] Streaming discord_krisp@1 to /home/andrew/.config/discord/0.0.43/modules/pending/discord_krisp-1.zip: 84%
2024-03-02T06:16:44.913Z [Modules] Streaming discord_krisp@1 to /home/andrew/.config/discord/0.0.43/modules/pending/discord_krisp-1.zip: 85%
2024-03-02T06:16:44.914Z [Modules] Streaming discord_krisp@1 to /home/andrew/.config/discord/0.0.43/modules/pending/discord_krisp-1.zip: 86%
2024-03-02T06:16:44.914Z [Modules] Streaming discord_krisp@1 to /home/andrew/.config/discord/0.0.43/modules/pending/discord_krisp-1.zip: 87%
2024-03-02T06:16:44.958Z [Modules] Streaming discord_krisp@1 to /home/andrew/.config/discord/0.0.43/modules/pending/discord_krisp-1.zip: 88%
2024-03-02T06:16:44.969Z [Modules] Streaming discord_krisp@1 to /home/andrew/.config/discord/0.0.43/modules/pending/discord_krisp-1.zip: 89%
2024-03-02T06:16:45.020Z [Modules] Streaming discord_krisp@1 to /home/andrew/.config/discord/0.0.43/modules/pending/discord_krisp-1.zip: 90%
2024-03-02T06:16:45.038Z [Modules] Streaming discord_krisp@1 to /home/andrew/.config/discord/0.0.43/modules/pending/discord_krisp-1.zip: 91%
2024-03-02T06:16:45.067Z [Modules] Streaming discord_krisp@1 to /home/andrew/.config/discord/0.0.43/modules/pending/discord_krisp-1.zip: 92%
2024-03-02T06:16:45.070Z [Modules] Streaming discord_krisp@1 to /home/andrew/.config/discord/0.0.43/modules/pending/discord_krisp-1.zip: 93%
2024-03-02T06:16:45.126Z [Modules] Streaming discord_krisp@1 to /home/andrew/.config/discord/0.0.43/modules/pending/discord_krisp-1.zip: 94%
2024-03-02T06:16:45.131Z [Modules] Streaming discord_krisp@1 to /home/andrew/.config/discord/0.0.43/modules/pending/discord_krisp-1.zip: 95%
2024-03-02T06:16:45.168Z [Modules] Streaming discord_krisp@1 to /home/andrew/.config/discord/0.0.43/modules/pending/discord_krisp-1.zip: 96%
2024-03-02T06:16:45.169Z [Modules] Streaming discord_krisp@1 to /home/andrew/.config/discord/0.0.43/modules/pending/discord_krisp-1.zip: 97%
2024-03-02T06:16:45.174Z [Modules] Streaming discord_krisp@1 to /home/andrew/.config/discord/0.0.43/modules/pending/discord_krisp-1.zip: 98%
2024-03-02T06:16:45.191Z [Modules] Streaming discord_krisp@1 to /home/andrew/.config/discord/0.0.43/modules/pending/discord_krisp-1.zip: 99%
2024-03-02T06:16:45.249Z [Modules] Streaming discord_krisp@1 to /home/andrew/.config/discord/0.0.43/modules/pending/discord_krisp-1.zip: 100%
2024-03-02T06:16:45.251Z [Modules] Fetching discord_game_utils@1 from https://discord.com/api/modules/stable/discord_game_utils/1
2024-03-02T06:16:45.251Z [Modules] Streaming discord_game_utils@1 to /home/andrew/.config/discord/0.0.43/modules/pending/discord_game_utils-1.zip
2024-03-02T06:16:45.251Z [Modules] Installing discord_krisp@1 from /home/andrew/.config/discord/0.0.43/modules/pending/discord_krisp-1.zip
2024-03-02T06:16:45.390Z [Modules] Streaming discord_game_utils@1 to /home/andrew/.config/discord/0.0.43/modules/pending/discord_game_utils-1.zip: 1%
2024-03-02T06:16:45.392Z [Modules] Streaming discord_game_utils@1 to /home/andrew/.config/discord/0.0.43/modules/pending/discord_game_utils-1.zip: 2%
2024-03-02T06:16:45.393Z [Modules] Streaming discord_game_utils@1 to /home/andrew/.config/discord/0.0.43/modules/pending/discord_game_utils-1.zip: 3%
2024-03-02T06:16:45.398Z [Modules] Streaming discord_game_utils@1 to /home/andrew/.config/discord/0.0.43/modules/pending/discord_game_utils-1.zip: 4%
2024-03-02T06:16:45.401Z [Modules] Streaming discord_game_utils@1 to /home/andrew/.config/discord/0.0.43/modules/pending/discord_game_utils-1.zip: 6%
2024-03-02T06:16:45.411Z [Modules] Streaming discord_game_utils@1 to /home/andrew/.config/discord/0.0.43/modules/pending/discord_game_utils-1.zip: 7%
2024-03-02T06:16:45.426Z [Modules] Streaming discord_game_utils@1 to /home/andrew/.config/discord/0.0.43/modules/pending/discord_game_utils-1.zip: 10%
2024-03-02T06:16:45.437Z [Modules] Streaming discord_game_utils@1 to /home/andrew/.config/discord/0.0.43/modules/pending/discord_game_utils-1.zip: 13%
2024-03-02T06:16:45.437Z [Modules] Streaming discord_game_utils@1 to /home/andrew/.config/discord/0.0.43/modules/pending/discord_game_utils-1.zip: 14%
2024-03-02T06:16:45.445Z [Modules] Streaming discord_game_utils@1 to /home/andrew/.config/discord/0.0.43/modules/pending/discord_game_utils-1.zip: 17%
2024-03-02T06:16:45.445Z [Modules] Streaming discord_game_utils@1 to /home/andrew/.config/discord/0.0.43/modules/pending/discord_game_utils-1.zip: 18%
2024-03-02T06:16:45.449Z [Modules] Streaming discord_game_utils@1 to /home/andrew/.config/discord/0.0.43/modules/pending/discord_game_utils-1.zip: 20%
2024-03-02T06:16:45.452Z [Modules] Streaming discord_game_utils@1 to /home/andrew/.config/discord/0.0.43/modules/pending/discord_game_utils-1.zip: 21%
2024-03-02T06:16:45.456Z [Modules] Streaming discord_game_utils@1 to /home/andrew/.config/discord/0.0.43/modules/pending/discord_game_utils-1.zip: 22%
2024-03-02T06:16:45.459Z [Modules] Streaming discord_game_utils@1 to /home/andrew/.config/discord/0.0.43/modules/pending/discord_game_utils-1.zip: 25%
2024-03-02T06:16:45.460Z [Modules] Streaming discord_game_utils@1 to /home/andrew/.config/discord/0.0.43/modules/pending/discord_game_utils-1.zip: 26%
2024-03-02T06:16:45.463Z [Modules] Streaming discord_game_utils@1 to /home/andrew/.config/discord/0.0.43/modules/pending/discord_game_utils-1.zip: 27%
2024-03-02T06:16:45.466Z [Modules] Streaming discord_game_utils@1 to /home/andrew/.config/discord/0.0.43/modules/pending/discord_game_utils-1.zip: 28%
2024-03-02T06:16:45.469Z [Modules] Streaming discord_game_utils@1 to /home/andrew/.config/discord/0.0.43/modules/pending/discord_game_utils-1.zip: 29%
2024-03-02T06:16:45.477Z [Modules] Streaming discord_game_utils@1 to /home/andrew/.config/discord/0.0.43/modules/pending/discord_game_utils-1.zip: 32%
2024-03-02T06:16:45.477Z [Modules] Streaming discord_game_utils@1 to /home/andrew/.config/discord/0.0.43/modules/pending/discord_game_utils-1.zip: 33%
2024-03-02T06:16:45.481Z [Modules] Streaming discord_game_utils@1 to /home/andrew/.config/discord/0.0.43/modules/pending/discord_game_utils-1.zip: 35%
2024-03-02T06:16:45.484Z [Modules] Streaming discord_game_utils@1 to /home/andrew/.config/discord/0.0.43/modules/pending/discord_game_utils-1.zip: 36%
2024-03-02T06:16:45.524Z [Modules] Streaming discord_game_utils@1 to /home/andrew/.config/discord/0.0.43/modules/pending/discord_game_utils-1.zip: 39%
2024-03-02T06:16:45.525Z [Modules] Streaming discord_game_utils@1 to /home/andrew/.config/discord/0.0.43/modules/pending/discord_game_utils-1.zip: 42%
2024-03-02T06:16:45.525Z [Modules] Finished module installations. [success: 1] [failure: 0]
2024-03-02T06:16:45.534Z [Modules] Streaming discord_game_utils@1 to /home/andrew/.config/discord/0.0.43/modules/pending/discord_game_utils-1.zip: 44%
2024-03-02T06:16:45.534Z [Modules] Streaming discord_game_utils@1 to /home/andrew/.config/discord/0.0.43/modules/pending/discord_game_utils-1.zip: 47%
2024-03-02T06:16:45.534Z [Modules] Streaming discord_game_utils@1 to /home/andrew/.config/discord/0.0.43/modules/pending/discord_game_utils-1.zip: 55%
2024-03-02T06:16:45.534Z [Modules] Streaming discord_game_utils@1 to /home/andrew/.config/discord/0.0.43/modules/pending/discord_game_utils-1.zip: 59%
2024-03-02T06:16:45.537Z [Modules] Streaming discord_game_utils@1 to /home/andrew/.config/discord/0.0.43/modules/pending/discord_game_utils-1.zip: 61%
2024-03-02T06:16:45.541Z [Modules] Streaming discord_game_utils@1 to /home/andrew/.config/discord/0.0.43/modules/pending/discord_game_utils-1.zip: 62%
2024-03-02T06:16:45.547Z [Modules] Streaming discord_game_utils@1 to /home/andrew/.config/discord/0.0.43/modules/pending/discord_game_utils-1.zip: 65%
2024-03-02T06:16:45.554Z [Modules] Streaming discord_game_utils@1 to /home/andrew/.config/discord/0.0.43/modules/pending/discord_game_utils-1.zip: 68%
2024-03-02T06:16:45.554Z [Modules] Streaming discord_game_utils@1 to /home/andrew/.config/discord/0.0.43/modules/pending/discord_game_utils-1.zip: 69%
2024-03-02T06:16:45.557Z [Modules] Streaming discord_game_utils@1 to /home/andrew/.config/discord/0.0.43/modules/pending/discord_game_utils-1.zip: 71%
2024-03-02T06:16:45.563Z [Modules] Streaming discord_game_utils@1 to /home/andrew/.config/discord/0.0.43/modules/pending/discord_game_utils-1.zip: 72%
2024-03-02T06:16:45.567Z [Modules] Streaming discord_game_utils@1 to /home/andrew/.config/discord/0.0.43/modules/pending/discord_game_utils-1.zip: 73%
2024-03-02T06:16:45.569Z [Modules] Streaming discord_game_utils@1 to /home/andrew/.config/discord/0.0.43/modules/pending/discord_game_utils-1.zip: 75%
2024-03-02T06:16:45.571Z [Modules] Streaming discord_game_utils@1 to /home/andrew/.config/discord/0.0.43/modules/pending/discord_game_utils-1.zip: 76%
2024-03-02T06:16:45.573Z [Modules] Streaming discord_game_utils@1 to /home/andrew/.config/discord/0.0.43/modules/pending/discord_game_utils-1.zip: 77%
2024-03-02T06:16:45.577Z [Modules] Streaming discord_game_utils@1 to /home/andrew/.config/discord/0.0.43/modules/pending/discord_game_utils-1.zip: 79%
2024-03-02T06:16:45.583Z [Modules] Streaming discord_game_utils@1 to /home/andrew/.config/discord/0.0.43/modules/pending/discord_game_utils-1.zip: 82%
2024-03-02T06:16:45.591Z [Modules] Streaming discord_game_utils@1 to /home/andrew/.config/discord/0.0.43/modules/pending/discord_game_utils-1.zip: 84%
2024-03-02T06:16:45.593Z [Modules] Streaming discord_game_utils@1 to /home/andrew/.config/discord/0.0.43/modules/pending/discord_game_utils-1.zip: 85%
2024-03-02T06:16:45.601Z [Modules] Streaming discord_game_utils@1 to /home/andrew/.config/discord/0.0.43/modules/pending/discord_game_utils-1.zip: 87%
2024-03-02T06:16:45.603Z [Modules] Streaming discord_game_utils@1 to /home/andrew/.config/discord/0.0.43/modules/pending/discord_game_utils-1.zip: 88%
2024-03-02T06:16:45.607Z [Modules] Streaming discord_game_utils@1 to /home/andrew/.config/discord/0.0.43/modules/pending/discord_game_utils-1.zip: 90%
2024-03-02T06:16:45.607Z [Modules] Streaming discord_game_utils@1 to /home/andrew/.config/discord/0.0.43/modules/pending/discord_game_utils-1.zip: 91%
2024-03-02T06:16:45.628Z [Modules] Streaming discord_game_utils@1 to /home/andrew/.config/discord/0.0.43/modules/pending/discord_game_utils-1.zip: 94%
2024-03-02T06:16:45.628Z [Modules] Streaming discord_game_utils@1 to /home/andrew/.config/discord/0.0.43/modules/pending/discord_game_utils-1.zip: 96%
2024-03-02T06:16:45.641Z [Modules] Streaming discord_game_utils@1 to /home/andrew/.config/discord/0.0.43/modules/pending/discord_game_utils-1.zip: 99%
2024-03-02T06:16:45.643Z [Modules] Streaming discord_game_utils@1 to /home/andrew/.config/discord/0.0.43/modules/pending/discord_game_utils-1.zip: 100%
2024-03-02T06:16:45.643Z [Modules] Finished module downloads. [success: 2] [failure: 0]
2024-03-02T06:16:45.643Z [Modules] Installing discord_game_utils@1 from /home/andrew/.config/discord/0.0.43/modules/pending/discord_game_utils-1.zip
2024-03-02T06:16:45.675Z [Modules] Finished module installations. [success: 1] [failure: 0]
2024-03-02T06:16:51.442Z [Modules] Checking for host updates.
2024-03-02T06:16:51.502Z [Modules] Starting to install discord_rpc...
2024-03-02T06:16:51.502Z [Modules] Fetching discord_rpc@1 from https://discord.com/api/modules/stable/discord_rpc/1
2024-03-02T06:16:51.502Z [Modules] Streaming discord_rpc@1 to /home/andrew/.config/discord/0.0.43/modules/pending/discord_rpc-1.zip
2024-03-02T06:16:51.554Z [Modules] Host is up to date.
2024-03-02T06:16:51.554Z [Modules] Checking for module updates at https://discord.com/api/modules/stable/versions.json
2024-03-02T06:16:51.555Z [Modules] No module updates available.
2024-03-02T06:16:51.654Z [Modules] Streaming discord_rpc@1 to /home/andrew/.config/discord/0.0.43/modules/pending/discord_rpc-1.zip: 100%
2024-03-02T06:16:51.655Z [Modules] Finished module downloads. [success: 1] [failure: 0]
2024-03-02T06:16:51.655Z [Modules] Installing discord_rpc@1 from /home/andrew/.config/discord/0.0.43/modules/pending/discord_rpc-1.zip
2024-03-02T06:16:51.663Z [Modules] Finished module installations. [success: 1] [failure: 0]
2024-03-02T11:04:02.803Z [Modules] Modules initializing
2024-03-02T11:04:02.803Z [Modules] Distribution: remote
2024-03-02T11:04:02.803Z [Modules] Host updates: enabled
2024-03-02T11:04:02.803Z [Modules] Module updates: enabled
2024-03-02T11:04:02.803Z [Modules] Module install path: /home/andrew/.config/discord/0.0.43/modules
2024-03-02T11:04:02.803Z [Modules] Module installed file path: /home/andrew/.config/discord/0.0.43/modules/installed.json
2024-03-02T11:04:02.804Z [Modules] Module download path: /home/andrew/.config/discord/0.0.43/modules/pending
2024-03-02T11:04:02.976Z [Modules] No updates to install
2024-03-02T11:04:02.976Z [Modules] Checking for host updates.
2024-03-02T11:04:03.218Z [Modules] Host is up to date.
2024-03-02T11:04:03.219Z [Modules] Checking for module updates at https://discord.com/api/modules/stable/versions.json
2024-03-02T11:04:03.258Z [Modules] No module updates available.
2024-03-02T11:04:05.103Z [Modules] Checking for host updates.
2024-03-02T11:04:05.255Z [Modules] Host is up to date.
2024-03-02T11:04:05.255Z [Modules] Checking for module updates at https://discord.com/api/modules/stable/versions.json
2024-03-02T11:04:05.257Z [Modules] No module updates available.
2024-03-04T07:27:14.164Z [Modules] Modules initializing
2024-03-04T07:27:14.164Z [Modules] Distribution: remote
2024-03-04T07:27:14.164Z [Modules] Host updates: enabled
2024-03-04T07:27:14.164Z [Modules] Module updates: enabled
2024-03-04T07:27:14.164Z [Modules] Module install path: /home/andrew/.config/discord/0.0.43/modules
2024-03-04T07:27:14.164Z [Modules] Module installed file path: /home/andrew/.config/discord/0.0.43/modules/installed.json
2024-03-04T07:27:14.164Z [Modules] Module download path: /home/andrew/.config/discord/0.0.43/modules/pending
2024-03-04T07:27:14.336Z [Modules] No updates to install
2024-03-04T07:27:14.336Z [Modules] Checking for host updates.
2024-03-04T07:27:14.569Z [Modules] Host is up to date.
2024-03-04T07:27:14.570Z [Modules] Checking for module updates at https://discord.com/api/modules/stable/versions.json
2024-03-04T07:27:14.612Z [Modules] No module updates available.
2024-03-04T07:27:16.396Z [Modules] Checking for host updates.
2024-03-04T07:27:16.506Z [Modules] Host is up to date.
2024-03-04T07:27:16.506Z [Modules] Checking for module updates at https://discord.com/api/modules/stable/versions.json
2024-03-04T07:27:16.508Z [Modules] No module updates available.
2024-03-05T01:06:41.760Z [Modules] Modules initializing
2024-03-05T01:06:41.761Z [Modules] Distribution: remote
2024-03-05T01:06:41.761Z [Modules] Host updates: enabled
2024-03-05T01:06:41.761Z [Modules] Module updates: enabled
2024-03-05T01:06:41.761Z [Modules] Module install path: /home/andrew/.config/discord/0.0.43/modules
2024-03-05T01:06:41.761Z [Modules] Module installed file path: /home/andrew/.config/discord/0.0.43/modules/installed.json
2024-03-05T01:06:41.761Z [Modules] Module download path: /home/andrew/.config/discord/0.0.43/modules/pending
2024-03-05T01:06:41.942Z [Modules] No updates to install
2024-03-05T01:06:41.942Z [Modules] Checking for host updates.
2024-03-05T01:06:42.137Z [Modules] Host is up to date.
2024-03-05T01:06:42.138Z [Modules] Checking for module updates at https://discord.com/api/modules/stable/versions.json
2024-03-05T01:06:42.179Z [Modules] No module updates available.
2024-03-05T01:06:43.993Z [Modules] Checking for host updates.
2024-03-05T01:06:44.092Z [Modules] Host is up to date.
2024-03-05T01:06:44.092Z [Modules] Checking for module updates at https://discord.com/api/modules/stable/versions.json
2024-03-05T01:06:44.094Z [Modules] No module updates available.
