2024-03-03 23:59:38.818 [info] Experiment 'pythonRecommendTensorboardExt' is active
2024-03-03 23:59:38.818 [info] Experiment 'pythonREPLSmartSend' is active
2024-03-03 23:59:38.818 [info] Experiment 'pythonSurveyNotificationcf' is active
2024-03-03 23:59:38.818 [info] Experiment 'pythonTerminalEnvVarActivation' is active
2024-03-03 23:59:38.818 [info] Experiment 'pythonTestAdapter' is active
2024-03-03 23:59:38.852 [info] Test server listening.
2024-03-03 23:59:38.857 [info] > conda info --json
2024-03-03 23:59:38.868 [info] Found: /bin/python --> /bin/python3.11
2024-03-03 23:59:38.868 [info] Found: /bin/python3 --> /bin/python3.11
2024-03-03 23:59:38.868 [info] Found: /bin/python3.11 --> /bin/python3.11
2024-03-03 23:59:38.889 [warning] Retry failed, storage update failed for key PYTHON_GLOBAL_STORAGE_KEYS
2024-03-03 23:59:38.889 [warning] Retry failed, storage update failed for key PYTHON_GLOBAL_STORAGE_KEYS
2024-03-03 23:59:38.889 [warning] Retry failed, storage update failed for key PYTHON_GLOBAL_STORAGE_KEYS
2024-03-03 23:59:38.889 [warning] Retry failed, storage update failed for key PYTHON_GLOBAL_STORAGE_KEYS
2024-03-03 23:59:38.889 [warning] Retry failed, storage update failed for key PYTHON_WORKSPACE_STORAGE_KEYS
2024-03-03 23:59:38.889 [warning] Retry failed, storage update failed for key PYTHON_WORKSPACE_STORAGE_KEYS
2024-03-03 23:59:38.889 [info] Found: /sbin/python --> /sbin/python3.11
2024-03-03 23:59:38.889 [info] Found: /sbin/python3 --> /sbin/python3.11
2024-03-03 23:59:38.889 [info] Found: /sbin/python3.11 --> /sbin/python3.11
2024-03-03 23:59:38.891 [info] Found: /usr/bin/python --> /usr/bin/python3.11
2024-03-03 23:59:38.892 [info] Found: /usr/bin/python3 --> /usr/bin/python3.11
2024-03-03 23:59:38.892 [info] Found: /usr/bin/python3.11 --> /usr/bin/python3.11
2024-03-03 23:59:38.905 [info] Found: /usr/sbin/python --> /usr/sbin/python3.11
2024-03-03 23:59:38.905 [info] Found: /usr/sbin/python3 --> /usr/sbin/python3.11
2024-03-03 23:59:38.905 [info] Found: /usr/sbin/python3.11 --> /usr/sbin/python3.11
2024-03-03 23:59:38.914 [info] > /bin/python -I ~/.vscode/extensions/ms-python.python-2024.2.1/pythonFiles/get_output_via_markers.py ~/.vscode/extensions/ms-python.python-2024.2.1/pythonFiles/interpreterInfo.py
2024-03-03 23:59:38.920 [info] > /sbin/python -I ~/.vscode/extensions/ms-python.python-2024.2.1/pythonFiles/get_output_via_markers.py ~/.vscode/extensions/ms-python.python-2024.2.1/pythonFiles/interpreterInfo.py
2024-03-03 23:59:38.941 [info] > /usr/bin/python -I ~/.vscode/extensions/ms-python.python-2024.2.1/pythonFiles/get_output_via_markers.py ~/.vscode/extensions/ms-python.python-2024.2.1/pythonFiles/interpreterInfo.py
2024-03-03 23:59:38.946 [info] > /usr/sbin/python -I ~/.vscode/extensions/ms-python.python-2024.2.1/pythonFiles/get_output_via_markers.py ~/.vscode/extensions/ms-python.python-2024.2.1/pythonFiles/interpreterInfo.py
2024-03-03 23:59:38.974 [info] Python interpreter path: /bin/python
2024-03-03 23:59:39.977 [warning] Shell integration may not be active, environment activated may be overridden by the shell.
2024-03-03 23:59:40.427 [info] Starting Pylance language server.
