2024-03-04 12:36:19.255 [info] Extension host with pid 4322 started
2024-03-04 12:36:19.280 [info] ExtensionService#_doActivateExtension vscode.emmet, startup: false, activationEvent: 'onLanguage'
2024-03-04 12:36:19.294 [info] ExtensionService#_doActivateExtension vscode.git-base, startup: true, activationEvent: '*', root cause: vscode.git
2024-03-04 12:36:19.296 [info] ExtensionService#_doActivateExtension ID-wj.transparent-win, startup: true, activationEvent: '*'
2024-03-04 12:36:19.308 [error] Activating extension ID-wj.transparent-win failed due to an error:
2024-03-04 12:36:19.308 [error] Error: Error in native callback
	at process.func [as dlopen] (node:electron/js2c/node_init:2:2107)
	at Object.<anonymous> (node:internal/modules/cjs/loader:1356:18)
	at Object.func [as .node] (node:electron/js2c/node_init:2:2107)
	at Module.load (node:internal/modules/cjs/loader:1126:32)
	at node:internal/modules/cjs/loader:967:12
	at Function.<anonymous> (node:electron/js2c/node_init:2:13357)
	at h._load (/opt/visual-studio-code/resources/app/out/vs/workbench/api/node/extensionHostProcess.js:173:5634)
	at n._load (/opt/visual-studio-code/resources/app/out/vs/workbench/api/node/extensionHostProcess.js:170:29786)
	at t._load (/opt/visual-studio-code/resources/app/out/vs/workbench/api/node/extensionHostProcess.js:135:35289)
	at Module.require (node:internal/modules/cjs/loader:1150:19)
	at h (/opt/visual-studio-code/resources/app/out/vs/loader.js:4:647)
	at load (/home/andrew/.vscode/extensions/id-wj.transparent-win-0.0.1/node_modules/node-gyp-build/index.js:22:10)
	at Object.<anonymous> (/home/andrew/.vscode/extensions/id-wj.transparent-win-0.0.1/node_modules/ref-napi/lib/ref.js:8:53)
	at o._compile (/opt/visual-studio-code/resources/app/out/vs/loader.js:4:1271)
	at Object..js (node:internal/modules/cjs/loader:1326:10)
	at Module.load (node:internal/modules/cjs/loader:1126:32)
	at node:internal/modules/cjs/loader:967:12
	at Function.<anonymous> (node:electron/js2c/node_init:2:13357)
	at h._load (/opt/visual-studio-code/resources/app/out/vs/workbench/api/node/extensionHostProcess.js:173:5634)
	at n._load (/opt/visual-studio-code/resources/app/out/vs/workbench/api/node/extensionHostProcess.js:170:29786)
	at t._load (/opt/visual-studio-code/resources/app/out/vs/workbench/api/node/extensionHostProcess.js:135:35289)
	at Module.require (node:internal/modules/cjs/loader:1150:19)
	at h (/opt/visual-studio-code/resources/app/out/vs/loader.js:4:647)
	at Object.<anonymous> (/home/andrew/.vscode/extensions/id-wj.transparent-win-0.0.1/src/handleOperation.js:1:75)
	at o._compile (/opt/visual-studio-code/resources/app/out/vs/loader.js:4:1271)
	at Object..js (node:internal/modules/cjs/loader:1326:10)
	at Module.load (node:internal/modules/cjs/loader:1126:32)
	at node:internal/modules/cjs/loader:967:12
	at Function.<anonymous> (node:electron/js2c/node_init:2:13357)
	at h._load (/opt/visual-studio-code/resources/app/out/vs/workbench/api/node/extensionHostProcess.js:173:5634)
	at n._load (/opt/visual-studio-code/resources/app/out/vs/workbench/api/node/extensionHostProcess.js:170:29786)
	at t._load (/opt/visual-studio-code/resources/app/out/vs/workbench/api/node/extensionHostProcess.js:135:35289)
	at Module.require (node:internal/modules/cjs/loader:1150:19)
	at h (/opt/visual-studio-code/resources/app/out/vs/loader.js:4:647)
	at Object.<anonymous> (/home/andrew/.vscode/extensions/id-wj.transparent-win-0.0.1/src/extension.js:5:46)
	at o._compile (/opt/visual-studio-code/resources/app/out/vs/loader.js:4:1271)
	at Object..js (node:internal/modules/cjs/loader:1326:10)
	at Module.load (node:internal/modules/cjs/loader:1126:32)
	at node:internal/modules/cjs/loader:967:12
	at Function.<anonymous> (node:electron/js2c/node_init:2:13357)
	at h._load (/opt/visual-studio-code/resources/app/out/vs/workbench/api/node/extensionHostProcess.js:173:5634)
	at n._load (/opt/visual-studio-code/resources/app/out/vs/workbench/api/node/extensionHostProcess.js:170:29786)
	at t._load (/opt/visual-studio-code/resources/app/out/vs/workbench/api/node/extensionHostProcess.js:135:35289)
	at Module.require (node:internal/modules/cjs/loader:1150:19)
	at require (node:internal/modules/cjs/helpers:121:18)
	at Function.i [as __$__nodeRequire] (/opt/visual-studio-code/resources/app/out/vs/loader.js:5:98)
	at w.vb (/opt/visual-studio-code/resources/app/out/vs/workbench/api/node/extensionHostProcess.js:170:30965)
	at async Promise.all (index 0)
2024-03-04 12:36:19.333 [info] ExtensionService#_doActivateExtension vscode.git, startup: true, activationEvent: '*'
2024-03-04 12:36:19.350 [info] ExtensionService#_doActivateExtension vscode.github, startup: true, activationEvent: '*'
2024-03-04 12:36:19.379 [info] Eager extensions activated
2024-03-04 12:36:19.408 [info] ExtensionService#_doActivateExtension vscode.debug-auto-launch, startup: false, activationEvent: 'onStartupFinished'
2024-03-04 12:36:19.410 [info] ExtensionService#_doActivateExtension vscode.merge-conflict, startup: false, activationEvent: 'onStartupFinished'
2024-03-04 12:36:19.416 [info] ExtensionService#_doActivateExtension Catppuccin.catppuccin-vsc, startup: false, activationEvent: 'onStartupFinished'
2024-03-04 12:36:19.601 [info] ExtensionService#_doActivateExtension ms-toolsai.jupyter, startup: false, activationEvent: 'onWalkthrough:jupyterWelcome'
2024-03-04 12:36:19.839 [info] ExtensionService#_doActivateExtension ms-python.python, startup: false, activationEvent: 'api', root cause: ms-toolsai.jupyter
2024-03-04 12:36:19.902 [info] ExtensionService#_doActivateExtension ms-toolsai.jupyter-renderers, startup: false, activationEvent: 'api', root cause: ms-toolsai.jupyter
2024-03-04 12:36:19.998 [info] ExtensionService#_doActivateExtension ms-python.vscode-pylance, startup: false, activationEvent: 'api', root cause: ms-python.python
2024-03-04 12:36:45.605 [info] ExtensionService#_doActivateExtension vscode.extension-editing, startup: false, activationEvent: 'onLanguage:markdown'
2024-03-04 12:36:45.619 [info] ExtensionService#_doActivateExtension vscode.markdown-language-features, startup: false, activationEvent: 'onLanguage:markdown'
2024-03-04 12:36:46.005 [info] ExtensionService#_doActivateExtension vscode.markdown-math, startup: false, activationEvent: 'api', root cause: vscode.markdown-language-features
