2024-03-04 13:37:18.335 [info] Extension host with pid 1821 started
2024-03-04 13:37:18.398 [info] ExtensionService#_doActivateExtension vscode.emmet, startup: false, activationEvent: 'onLanguage'
2024-03-04 13:37:18.443 [info] ExtensionService#_doActivateExtension vscode.git-base, startup: true, activationEvent: '*', root cause: vscode.git
2024-03-04 13:37:18.445 [info] ExtensionService#_doActivateExtension ID-wj.transparent-win, startup: true, activationEvent: '*'
2024-03-04 13:37:18.454 [error] Activating extension ID-wj.transparent-win failed due to an error:
2024-03-04 13:37:18.454 [error] Error: Error in native callback
	at process.func [as dlopen] (node:electron/js2c/node_init:2:2107)
	at Object.<anonymous> (node:internal/modules/cjs/loader:1356:18)
	at Object.func [as .node] (node:electron/js2c/node_init:2:2107)
	at Module.load (node:internal/modules/cjs/loader:1126:32)
	at node:internal/modules/cjs/loader:967:12
	at Function.<anonymous> (node:electron/js2c/node_init:2:13357)
	at h._load (/opt/visual-studio-code/resources/app/out/vs/workbench/api/node/extensionHostProcess.js:173:5634)
	at n._load (/opt/visual-studio-code/resources/app/out/vs/workbench/api/node/extensionHostProcess.js:170:29786)
	at t._load (/opt/visual-studio-code/resources/app/out/vs/workbench/api/node/extensionHostProcess.js:135:35289)
	at Module.require (node:internal/modules/cjs/loader:1150:19)
	at h (/opt/visual-studio-code/resources/app/out/vs/loader.js:4:647)
	at load (/home/andrew/.vscode/extensions/id-wj.transparent-win-0.0.1/node_modules/node-gyp-build/index.js:22:10)
	at Object.<anonymous> (/home/andrew/.vscode/extensions/id-wj.transparent-win-0.0.1/node_modules/ref-napi/lib/ref.js:8:53)
	at o._compile (/opt/visual-studio-code/resources/app/out/vs/loader.js:4:1271)
	at Object..js (node:internal/modules/cjs/loader:1326:10)
	at Module.load (node:internal/modules/cjs/loader:1126:32)
	at node:internal/modules/cjs/loader:967:12
	at Function.<anonymous> (node:electron/js2c/node_init:2:13357)
	at h._load (/opt/visual-studio-code/resources/app/out/vs/workbench/api/node/extensionHostProcess.js:173:5634)
	at n._load (/opt/visual-studio-code/resources/app/out/vs/workbench/api/node/extensionHostProcess.js:170:29786)
	at t._load (/opt/visual-studio-code/resources/app/out/vs/workbench/api/node/extensionHostProcess.js:135:35289)
	at Module.require (node:internal/modules/cjs/loader:1150:19)
	at h (/opt/visual-studio-code/resources/app/out/vs/loader.js:4:647)
	at Object.<anonymous> (/home/andrew/.vscode/extensions/id-wj.transparent-win-0.0.1/src/handleOperation.js:1:75)
	at o._compile (/opt/visual-studio-code/resources/app/out/vs/loader.js:4:1271)
	at Object..js (node:internal/modules/cjs/loader:1326:10)
	at Module.load (node:internal/modules/cjs/loader:1126:32)
	at node:internal/modules/cjs/loader:967:12
	at Function.<anonymous> (node:electron/js2c/node_init:2:13357)
	at h._load (/opt/visual-studio-code/resources/app/out/vs/workbench/api/node/extensionHostProcess.js:173:5634)
	at n._load (/opt/visual-studio-code/resources/app/out/vs/workbench/api/node/extensionHostProcess.js:170:29786)
	at t._load (/opt/visual-studio-code/resources/app/out/vs/workbench/api/node/extensionHostProcess.js:135:35289)
	at Module.require (node:internal/modules/cjs/loader:1150:19)
	at h (/opt/visual-studio-code/resources/app/out/vs/loader.js:4:647)
	at Object.<anonymous> (/home/andrew/.vscode/extensions/id-wj.transparent-win-0.0.1/src/extension.js:5:46)
	at o._compile (/opt/visual-studio-code/resources/app/out/vs/loader.js:4:1271)
	at Object..js (node:internal/modules/cjs/loader:1326:10)
	at Module.load (node:internal/modules/cjs/loader:1126:32)
	at node:internal/modules/cjs/loader:967:12
	at Function.<anonymous> (node:electron/js2c/node_init:2:13357)
	at h._load (/opt/visual-studio-code/resources/app/out/vs/workbench/api/node/extensionHostProcess.js:173:5634)
	at n._load (/opt/visual-studio-code/resources/app/out/vs/workbench/api/node/extensionHostProcess.js:170:29786)
	at t._load (/opt/visual-studio-code/resources/app/out/vs/workbench/api/node/extensionHostProcess.js:135:35289)
	at Module.require (node:internal/modules/cjs/loader:1150:19)
	at require (node:internal/modules/cjs/helpers:121:18)
	at Function.i [as __$__nodeRequire] (/opt/visual-studio-code/resources/app/out/vs/loader.js:5:98)
	at w.vb (/opt/visual-studio-code/resources/app/out/vs/workbench/api/node/extensionHostProcess.js:170:30965)
	at async Promise.all (index 0)
2024-03-04 13:37:18.506 [info] ExtensionService#_doActivateExtension vscode.git, startup: true, activationEvent: '*'
2024-03-04 13:37:18.526 [info] ExtensionService#_doActivateExtension vscode.github, startup: true, activationEvent: '*'
2024-03-04 13:37:18.566 [info] Eager extensions activated
2024-03-04 13:37:18.582 [info] ExtensionService#_doActivateExtension vscode.debug-auto-launch, startup: false, activationEvent: 'onStartupFinished'
2024-03-04 13:37:18.583 [info] ExtensionService#_doActivateExtension vscode.merge-conflict, startup: false, activationEvent: 'onStartupFinished'
2024-03-04 13:37:18.589 [info] ExtensionService#_doActivateExtension Catppuccin.catppuccin-vsc, startup: false, activationEvent: 'onStartupFinished'
2024-03-04 13:38:05.317 [info] Extension host terminating: renderer closed the MessagePort
2024-03-04 13:38:05.324 [info] Extension host with pid 1821 exiting with code 0
2024-03-04 13:38:06.216 [info] Extension host with pid 3601 started
2024-03-04 13:38:06.216 [info] Skipping acquiring lock for /home/andrew/.config/Code/User/workspaceStorage/99013a40a1710a09b6f51bdd0589ab10.
2024-03-04 13:38:06.250 [info] ExtensionService#_doActivateExtension vscode.git-base, startup: true, activationEvent: '*'
2024-03-04 13:38:06.259 [info] ExtensionService#_doActivateExtension vscode.github, startup: true, activationEvent: '*'
2024-03-04 13:38:06.274 [info] Eager extensions activated
2024-03-04 13:38:06.334 [info] ExtensionService#_doActivateExtension vscode.debug-auto-launch, startup: false, activationEvent: 'onStartupFinished'
2024-03-04 13:38:06.336 [info] ExtensionService#_doActivateExtension vscode.merge-conflict, startup: false, activationEvent: 'onStartupFinished'
2024-03-04 13:38:06.342 [info] ExtensionService#_doActivateExtension Catppuccin.catppuccin-vsc, startup: false, activationEvent: 'onStartupFinished'
2024-03-04 13:38:09.192 [info] ExtensionService#_doActivateExtension vscode.git, startup: false, activationEvent: 'api', root cause: vscode.github
2024-03-04 13:38:09.212 [info] ExtensionService#_doActivateExtension ID-wj.transparent-win, startup: false, activationEvent: '*'
2024-03-04 13:38:09.218 [error] Activating extension ID-wj.transparent-win failed due to an error:
2024-03-04 13:38:09.218 [error] Error: Error in native callback
	at process.func [as dlopen] (node:electron/js2c/node_init:2:2107)
	at Object.<anonymous> (node:internal/modules/cjs/loader:1356:18)
	at Object.func [as .node] (node:electron/js2c/node_init:2:2107)
	at Module.load (node:internal/modules/cjs/loader:1126:32)
	at node:internal/modules/cjs/loader:967:12
	at Function.<anonymous> (node:electron/js2c/node_init:2:13357)
	at h._load (/opt/visual-studio-code/resources/app/out/vs/workbench/api/node/extensionHostProcess.js:173:5634)
	at n._load (/opt/visual-studio-code/resources/app/out/vs/workbench/api/node/extensionHostProcess.js:170:29786)
	at t._load (/opt/visual-studio-code/resources/app/out/vs/workbench/api/node/extensionHostProcess.js:135:35289)
	at Module.require (node:internal/modules/cjs/loader:1150:19)
	at h (/opt/visual-studio-code/resources/app/out/vs/loader.js:4:647)
	at load (/home/andrew/.vscode/extensions/id-wj.transparent-win-0.0.1/node_modules/node-gyp-build/index.js:22:10)
	at Object.<anonymous> (/home/andrew/.vscode/extensions/id-wj.transparent-win-0.0.1/node_modules/ref-napi/lib/ref.js:8:53)
	at o._compile (/opt/visual-studio-code/resources/app/out/vs/loader.js:4:1271)
	at Object..js (node:internal/modules/cjs/loader:1326:10)
	at Module.load (node:internal/modules/cjs/loader:1126:32)
	at node:internal/modules/cjs/loader:967:12
	at Function.<anonymous> (node:electron/js2c/node_init:2:13357)
	at h._load (/opt/visual-studio-code/resources/app/out/vs/workbench/api/node/extensionHostProcess.js:173:5634)
	at n._load (/opt/visual-studio-code/resources/app/out/vs/workbench/api/node/extensionHostProcess.js:170:29786)
	at t._load (/opt/visual-studio-code/resources/app/out/vs/workbench/api/node/extensionHostProcess.js:135:35289)
	at Module.require (node:internal/modules/cjs/loader:1150:19)
	at h (/opt/visual-studio-code/resources/app/out/vs/loader.js:4:647)
	at Object.<anonymous> (/home/andrew/.vscode/extensions/id-wj.transparent-win-0.0.1/src/handleOperation.js:1:75)
	at o._compile (/opt/visual-studio-code/resources/app/out/vs/loader.js:4:1271)
	at Object..js (node:internal/modules/cjs/loader:1326:10)
	at Module.load (node:internal/modules/cjs/loader:1126:32)
	at node:internal/modules/cjs/loader:967:12
	at Function.<anonymous> (node:electron/js2c/node_init:2:13357)
	at h._load (/opt/visual-studio-code/resources/app/out/vs/workbench/api/node/extensionHostProcess.js:173:5634)
	at n._load (/opt/visual-studio-code/resources/app/out/vs/workbench/api/node/extensionHostProcess.js:170:29786)
	at t._load (/opt/visual-studio-code/resources/app/out/vs/workbench/api/node/extensionHostProcess.js:135:35289)
	at Module.require (node:internal/modules/cjs/loader:1150:19)
	at h (/opt/visual-studio-code/resources/app/out/vs/loader.js:4:647)
	at Object.<anonymous> (/home/andrew/.vscode/extensions/id-wj.transparent-win-0.0.1/src/extension.js:5:46)
	at o._compile (/opt/visual-studio-code/resources/app/out/vs/loader.js:4:1271)
	at Object..js (node:internal/modules/cjs/loader:1326:10)
	at Module.load (node:internal/modules/cjs/loader:1126:32)
	at node:internal/modules/cjs/loader:967:12
	at Function.<anonymous> (node:electron/js2c/node_init:2:13357)
	at h._load (/opt/visual-studio-code/resources/app/out/vs/workbench/api/node/extensionHostProcess.js:173:5634)
	at n._load (/opt/visual-studio-code/resources/app/out/vs/workbench/api/node/extensionHostProcess.js:170:29786)
	at t._load (/opt/visual-studio-code/resources/app/out/vs/workbench/api/node/extensionHostProcess.js:135:35289)
	at Module.require (node:internal/modules/cjs/loader:1150:19)
	at require (node:internal/modules/cjs/helpers:121:18)
	at Function.i [as __$__nodeRequire] (/opt/visual-studio-code/resources/app/out/vs/loader.js:5:98)
	at w.vb (/opt/visual-studio-code/resources/app/out/vs/workbench/api/node/extensionHostProcess.js:170:30965)
	at async Promise.all (index 0)
2024-03-04 13:38:09.318 [info] ExtensionService#_doActivateExtension vscode.github-authentication, startup: false, activationEvent: 'onAuthenticationRequest:github'
2024-03-04 13:38:14.454 [info] ExtensionService#_doActivateExtension vscode.emmet, startup: false, activationEvent: 'onLanguage'
2024-03-04 13:39:06.966 [info] ExtensionService#_doActivateExtension vscode.json-language-features, startup: false, activationEvent: 'onLanguage:jsonc'
2024-03-04 13:39:06.984 [info] ExtensionService#_doActivateExtension vscode.typescript-language-features, startup: false, activationEvent: 'onLanguage:jsonc'
2024-03-04 13:39:49.655 [info] ExtensionService#_doActivateExtension vscode.extension-editing, startup: false, activationEvent: 'onLanguage:json'
2024-03-04 13:39:49.667 [info] ExtensionService#_doActivateExtension vscode.npm, startup: false, activationEvent: 'onLanguage:json'
