2024-03-02T06:16:32.064Z 0: 

----------------------------------------------
2024-03-02T06:16:32.073Z 1: Discord starting: {"releaseChannel":"stable","version":"0.0.43"}, modulepath: /home/andrew/.config/discord/0.0.43/modules
2024-03-02T06:16:32.075Z 2: ✅ webContents.created web1 ""
2024-03-02T06:16:32.077Z 3: ✅ window.created win1 "discord"
2024-03-02T06:16:32.270Z 4: ✅ webContents.did-finish-load web1
2024-03-02T06:16:39.110Z 5: ✅ webContents.created web2 ""
2024-03-02T06:16:39.116Z 6: ✅ window.created win2 "Discord"
2024-03-02T06:16:43.112Z 7: ✅ webContents.did-finish-load web2
2024-03-02T06:16:43.212Z 8: window.close win1
2024-03-02T06:16:43.215Z 9: webContents.destroyed web1
2024-03-02T06:16:43.216Z 10: window.closed win1
2024-03-02T11:04:02.826Z 0: 

----------------------------------------------
2024-03-02T11:04:02.834Z 1: Discord starting: {"releaseChannel":"stable","version":"0.0.43"}, modulepath: /home/andrew/.config/discord/0.0.43/modules
2024-03-02T11:04:02.843Z 2: ✅ webContents.created web1 ""
2024-03-02T11:04:02.845Z 3: ✅ window.created win1 "discord"
2024-03-02T11:04:03.044Z 4: ✅ webContents.did-finish-load web1
2024-03-02T11:04:03.318Z 5: ✅ webContents.created web2 ""
2024-03-02T11:04:03.324Z 6: ✅ window.created win2 "Discord"
2024-03-02T11:04:04.825Z 7: ✅ webContents.did-finish-load web2
2024-03-02T11:04:04.925Z 8: window.close win1
2024-03-02T11:04:04.929Z 9: webContents.destroyed web1
2024-03-02T11:04:04.930Z 10: window.closed win1
2024-03-02T11:05:28.161Z 11: before-quit
2024-03-02T11:05:28.163Z 12: window.close win2
2024-03-04T07:27:14.187Z 0: 

----------------------------------------------
2024-03-04T07:27:14.194Z 1: Discord starting: {"releaseChannel":"stable","version":"0.0.43"}, modulepath: /home/andrew/.config/discord/0.0.43/modules
2024-03-04T07:27:14.203Z 2: ✅ webContents.created web1 ""
2024-03-04T07:27:14.206Z 3: ✅ window.created win1 "discord"
2024-03-04T07:27:14.404Z 4: ✅ webContents.did-finish-load web1
2024-03-04T07:27:14.681Z 5: ✅ webContents.created web2 ""
2024-03-04T07:27:14.687Z 6: ✅ window.created win2 "Discord"
2024-03-04T07:27:16.133Z 7: ✅ webContents.did-finish-load web2
2024-03-04T07:27:16.233Z 8: window.close win1
2024-03-04T07:27:16.236Z 9: webContents.destroyed web1
2024-03-04T07:27:16.237Z 10: window.closed win1
2024-03-04T07:29:39.128Z 11: before-quit
2024-03-05T01:06:41.788Z 0: 

----------------------------------------------
2024-03-05T01:06:41.795Z 1: Discord starting: {"releaseChannel":"stable","version":"0.0.43"}, modulepath: /home/andrew/.config/discord/0.0.43/modules
2024-03-05T01:06:41.805Z 2: ✅ webContents.created web1 ""
2024-03-05T01:06:41.807Z 3: ✅ window.created win1 "discord"
2024-03-05T01:06:41.995Z 4: ✅ webContents.did-finish-load web1
2024-03-05T01:06:42.247Z 5: ✅ webContents.created web2 ""
2024-03-05T01:06:42.256Z 6: ✅ window.created win2 "Discord"
2024-03-05T01:06:43.728Z 7: ✅ webContents.did-finish-load web2
2024-03-05T01:06:43.827Z 8: window.close win1
2024-03-05T01:06:43.832Z 9: webContents.destroyed web1
2024-03-05T01:06:43.832Z 10: window.closed win1
