2024-03-03 23:56:12.628 [error] [uncaught exception in sharedProcess]: Event not found: onDidChange: CodeExpectedError: Event not found: onDidChange
    at Object.listen (/opt/visual-studio-code/resources/app/out/vs/code/node/sharedProcess/sharedProcessMain.js:45:4960)
    at E.t (/opt/visual-studio-code/resources/app/out/vs/code/node/sharedProcess/sharedProcessMain.js:44:251)
    at E.q (/opt/visual-studio-code/resources/app/out/vs/code/node/sharedProcess/sharedProcessMain.js:43:4371)
    at y.value (/opt/visual-studio-code/resources/app/out/vs/code/node/sharedProcess/sharedProcessMain.js:43:3602)
    at d.y (/opt/visual-studio-code/resources/app/out/vs/code/node/sharedProcess/sharedProcessMain.js:38:1902)
    at d.z (/opt/visual-studio-code/resources/app/out/vs/code/node/sharedProcess/sharedProcessMain.js:38:1972)
    at d.fire (/opt/visual-studio-code/resources/app/out/vs/code/node/sharedProcess/sharedProcessMain.js:38:2188)
    at MessagePortMain.fe (/opt/visual-studio-code/resources/app/out/vs/code/node/sharedProcess/sharedProcessMain.js:36:30382)
    at MessagePortMain.emit (node:events:514:28)
    at Object.emit (node:electron/js2c/utility_init:2:2285)
2024-03-03 23:58:31.640 [error] [uncaught exception in sharedProcess]: Event not found: onDidChange: CodeExpectedError: Event not found: onDidChange
    at Object.listen (/opt/visual-studio-code/resources/app/out/vs/code/node/sharedProcess/sharedProcessMain.js:45:4960)
    at E.t (/opt/visual-studio-code/resources/app/out/vs/code/node/sharedProcess/sharedProcessMain.js:44:251)
    at E.q (/opt/visual-studio-code/resources/app/out/vs/code/node/sharedProcess/sharedProcessMain.js:43:4371)
    at y.value (/opt/visual-studio-code/resources/app/out/vs/code/node/sharedProcess/sharedProcessMain.js:43:3602)
    at d.y (/opt/visual-studio-code/resources/app/out/vs/code/node/sharedProcess/sharedProcessMain.js:38:1902)
    at d.z (/opt/visual-studio-code/resources/app/out/vs/code/node/sharedProcess/sharedProcessMain.js:38:1972)
    at d.fire (/opt/visual-studio-code/resources/app/out/vs/code/node/sharedProcess/sharedProcessMain.js:38:2188)
    at MessagePortMain.fe (/opt/visual-studio-code/resources/app/out/vs/code/node/sharedProcess/sharedProcessMain.js:36:30382)
    at MessagePortMain.emit (node:events:514:28)
    at Object.emit (node:electron/js2c/utility_init:2:2285)
2024-03-03 23:58:43.312 [info] Getting Manifest... ms-python.python
2024-03-03 23:58:43.318 [info] Installing extension: ms-python.python
2024-03-03 23:58:43.834 [info] Getting Manifest... ms-python.vscode-pylance
2024-03-03 23:58:43.872 [info] Getting Manifest... ms-python.debugpy
2024-03-03 23:58:43.942 [info] Installing extension: ms-python.vscode-pylance
2024-03-03 23:58:43.942 [info] Installing extension: ms-python.debugpy
2024-03-03 23:58:47.088 [info] Getting Manifest... shiro.pythonpack
2024-03-03 23:58:47.097 [info] Installing extension: shiro.pythonpack
2024-03-03 23:58:48.857 [info] Getting Manifest... ms-python.python
2024-03-03 23:58:49.332 [info] Getting Manifest... ms-python.vscode-pylance
2024-03-03 23:58:49.336 [info] Getting Manifest... ms-python.debugpy
2024-03-03 23:58:49.355 [info] Getting Manifest... ms-toolsai.jupyter
2024-03-03 23:58:49.543 [info] Getting Manifest... ms-toolsai.jupyter-keymap
2024-03-03 23:58:49.575 [info] Getting Manifest... ms-toolsai.jupyter-renderers
2024-03-03 23:58:49.610 [info] Getting Manifest... ms-toolsai.vscode-jupyter-cell-tags
2024-03-03 23:58:49.647 [info] Getting Manifest... ms-toolsai.vscode-jupyter-slideshow
2024-03-03 23:58:49.681 [info] Getting Manifest... njqdev.vscode-python-typehint
2024-03-03 23:58:49.749 [info] Waiting for already requested installing extension ms-python.python shiro.pythonpack
2024-03-03 23:58:49.749 [info] Waiting for already requested installing extension ms-python.vscode-pylance shiro.pythonpack
2024-03-03 23:58:49.749 [info] Waiting for already requested installing extension ms-python.debugpy shiro.pythonpack
2024-03-03 23:58:49.749 [info] Installing extension: ms-toolsai.jupyter
2024-03-03 23:58:49.749 [info] Installing extension: ms-toolsai.jupyter-keymap
2024-03-03 23:58:49.749 [info] Installing extension: ms-toolsai.jupyter-renderers
2024-03-03 23:58:49.749 [info] Installing extension: ms-toolsai.vscode-jupyter-cell-tags
2024-03-03 23:58:49.749 [info] Installing extension: ms-toolsai.vscode-jupyter-slideshow
2024-03-03 23:58:49.749 [info] Installing extension: njqdev.vscode-python-typehint
2024-03-03 23:58:50.467 [warning] Extension signature verification failed with error 'UnknownError': shiro.pythonpack
2024-03-03 23:58:50.482 [info] Extracted extension to file:///home/andrew/.vscode/extensions/shiro.pythonpack-0.3.0: shiro.pythonpack
2024-03-03 23:58:50.483 [info] Renamed to /home/andrew/.vscode/extensions/shiro.pythonpack-0.3.0
2024-03-03 23:58:50.484 [info] Extracting extension completed. shiro.pythonpack
2024-03-03 23:58:50.570 [error] [uncaught exception in sharedProcess]: Error: ENOENT: no such file or directory, stat '/home/andrew/.vscode/extensions/extensions.json.vsctmp': EntryNotFound (FileSystemError): Error: ENOENT: no such file or directory, stat '/home/andrew/.vscode/extensions/extensions.json.vsctmp'
    at r.create (/opt/visual-studio-code/resources/app/out/vs/code/node/sharedProcess/sharedProcessMain.js:51:30083)
    at a (/opt/visual-studio-code/resources/app/out/vs/code/node/sharedProcess/sharedProcessMain.js:51:30198)
    at i.fb (/opt/visual-studio-code/resources/app/out/vs/code/node/sharedProcess/sharedProcessMain.js:56:36634)
    at i.stat (/opt/visual-studio-code/resources/app/out/vs/code/node/sharedProcess/sharedProcessMain.js:56:29080)
    at async v.stat (/opt/visual-studio-code/resources/app/out/vs/code/node/sharedProcess/sharedProcessMain.js:56:16226)
    at async X.sb (/opt/visual-studio-code/resources/app/out/vs/code/node/sharedProcess/sharedProcessMain.js:102:107729)
2024-03-03 23:58:52.843 [warning] Extension signature verification failed with error 'UnknownError': ms-toolsai.vscode-jupyter-cell-tags
2024-03-03 23:58:52.853 [warning] Extension signature verification failed with error 'UnknownError': ms-toolsai.jupyter-keymap
2024-03-03 23:58:52.863 [info] Extracted extension to file:///home/andrew/.vscode/extensions/ms-toolsai.jupyter-keymap-1.1.2: ms-toolsai.jupyter-keymap
2024-03-03 23:58:52.865 [info] Renamed to /home/andrew/.vscode/extensions/ms-toolsai.jupyter-keymap-1.1.2
2024-03-03 23:58:52.866 [info] Extracting extension completed. ms-toolsai.jupyter-keymap
2024-03-03 23:58:52.873 [info] Extracted extension to file:///home/andrew/.vscode/extensions/ms-toolsai.vscode-jupyter-cell-tags-0.1.8: ms-toolsai.vscode-jupyter-cell-tags
2024-03-03 23:58:52.875 [info] Renamed to /home/andrew/.vscode/extensions/ms-toolsai.vscode-jupyter-cell-tags-0.1.8
2024-03-03 23:58:52.875 [info] Extracting extension completed. ms-toolsai.vscode-jupyter-cell-tags
2024-03-03 23:58:52.945 [error] [uncaught exception in sharedProcess]: Error: ENOENT: no such file or directory, stat '/home/andrew/.vscode/extensions/extensions.json.vsctmp': EntryNotFound (FileSystemError): Error: ENOENT: no such file or directory, stat '/home/andrew/.vscode/extensions/extensions.json.vsctmp'
    at r.create (/opt/visual-studio-code/resources/app/out/vs/code/node/sharedProcess/sharedProcessMain.js:51:30083)
    at a (/opt/visual-studio-code/resources/app/out/vs/code/node/sharedProcess/sharedProcessMain.js:51:30198)
    at i.fb (/opt/visual-studio-code/resources/app/out/vs/code/node/sharedProcess/sharedProcessMain.js:56:36634)
    at i.stat (/opt/visual-studio-code/resources/app/out/vs/code/node/sharedProcess/sharedProcessMain.js:56:29080)
    at async v.stat (/opt/visual-studio-code/resources/app/out/vs/code/node/sharedProcess/sharedProcessMain.js:56:16226)
    at async X.sb (/opt/visual-studio-code/resources/app/out/vs/code/node/sharedProcess/sharedProcessMain.js:102:107729)
2024-03-03 23:58:53.520 [warning] Extension signature verification failed with error 'UnknownError': ms-toolsai.vscode-jupyter-slideshow
2024-03-03 23:58:53.530 [info] Extracted extension to file:///home/andrew/.vscode/extensions/ms-toolsai.vscode-jupyter-slideshow-0.1.5: ms-toolsai.vscode-jupyter-slideshow
2024-03-03 23:58:53.531 [info] Renamed to /home/andrew/.vscode/extensions/ms-toolsai.vscode-jupyter-slideshow-0.1.5
2024-03-03 23:58:53.532 [info] Extracting extension completed. ms-toolsai.vscode-jupyter-slideshow
2024-03-03 23:58:53.613 [error] [uncaught exception in sharedProcess]: Error: ENOENT: no such file or directory, stat '/home/andrew/.vscode/extensions/extensions.json.vsctmp': EntryNotFound (FileSystemError): Error: ENOENT: no such file or directory, stat '/home/andrew/.vscode/extensions/extensions.json.vsctmp'
    at r.create (/opt/visual-studio-code/resources/app/out/vs/code/node/sharedProcess/sharedProcessMain.js:51:30083)
    at a (/opt/visual-studio-code/resources/app/out/vs/code/node/sharedProcess/sharedProcessMain.js:51:30198)
    at i.fb (/opt/visual-studio-code/resources/app/out/vs/code/node/sharedProcess/sharedProcessMain.js:56:36634)
    at i.stat (/opt/visual-studio-code/resources/app/out/vs/code/node/sharedProcess/sharedProcessMain.js:56:29080)
    at async v.stat (/opt/visual-studio-code/resources/app/out/vs/code/node/sharedProcess/sharedProcessMain.js:56:16226)
    at async X.sb (/opt/visual-studio-code/resources/app/out/vs/code/node/sharedProcess/sharedProcessMain.js:102:107729)
2024-03-03 23:58:54.842 [warning] Extension signature verification failed with error 'UnknownError': njqdev.vscode-python-typehint
2024-03-03 23:58:54.849 [info] Extracted extension to file:///home/andrew/.vscode/extensions/njqdev.vscode-python-typehint-1.5.1: njqdev.vscode-python-typehint
2024-03-03 23:58:54.850 [info] Renamed to /home/andrew/.vscode/extensions/njqdev.vscode-python-typehint-1.5.1
2024-03-03 23:58:54.851 [info] Extracting extension completed. njqdev.vscode-python-typehint
2024-03-03 23:58:54.930 [error] [uncaught exception in sharedProcess]: Error: ENOENT: no such file or directory, stat '/home/andrew/.vscode/extensions/extensions.json.vsctmp': EntryNotFound (FileSystemError): Error: ENOENT: no such file or directory, stat '/home/andrew/.vscode/extensions/extensions.json.vsctmp'
    at r.create (/opt/visual-studio-code/resources/app/out/vs/code/node/sharedProcess/sharedProcessMain.js:51:30083)
    at a (/opt/visual-studio-code/resources/app/out/vs/code/node/sharedProcess/sharedProcessMain.js:51:30198)
    at i.fb (/opt/visual-studio-code/resources/app/out/vs/code/node/sharedProcess/sharedProcessMain.js:56:36634)
    at i.stat (/opt/visual-studio-code/resources/app/out/vs/code/node/sharedProcess/sharedProcessMain.js:56:29080)
    at async v.stat (/opt/visual-studio-code/resources/app/out/vs/code/node/sharedProcess/sharedProcessMain.js:56:16226)
    at async X.sb (/opt/visual-studio-code/resources/app/out/vs/code/node/sharedProcess/sharedProcessMain.js:102:107729)
2024-03-03 23:59:03.373 [warning] Extension signature verification failed with error 'UnknownError': ms-python.debugpy
2024-03-03 23:59:03.548 [info] Extracted extension to file:///home/andrew/.vscode/extensions/ms-python.debugpy-2024.2.0-linux-x64: ms-python.debugpy
2024-03-03 23:59:03.559 [info] Renamed to /home/andrew/.vscode/extensions/ms-python.debugpy-2024.2.0-linux-x64
2024-03-03 23:59:03.561 [info] Extracting extension completed. ms-python.debugpy
2024-03-03 23:59:03.640 [error] [uncaught exception in sharedProcess]: Error: ENOENT: no such file or directory, stat '/home/andrew/.vscode/extensions/extensions.json.vsctmp': EntryNotFound (FileSystemError): Error: ENOENT: no such file or directory, stat '/home/andrew/.vscode/extensions/extensions.json.vsctmp'
    at r.create (/opt/visual-studio-code/resources/app/out/vs/code/node/sharedProcess/sharedProcessMain.js:51:30083)
    at a (/opt/visual-studio-code/resources/app/out/vs/code/node/sharedProcess/sharedProcessMain.js:51:30198)
    at i.fb (/opt/visual-studio-code/resources/app/out/vs/code/node/sharedProcess/sharedProcessMain.js:56:36634)
    at i.stat (/opt/visual-studio-code/resources/app/out/vs/code/node/sharedProcess/sharedProcessMain.js:56:29080)
    at async v.stat (/opt/visual-studio-code/resources/app/out/vs/code/node/sharedProcess/sharedProcessMain.js:56:16226)
    at async X.sb (/opt/visual-studio-code/resources/app/out/vs/code/node/sharedProcess/sharedProcessMain.js:102:107729)
2024-03-03 23:59:11.112 [warning] Extension signature verification failed with error 'UnknownError': ms-toolsai.jupyter-renderers
2024-03-03 23:59:11.150 [warning] Extension signature verification failed with error 'UnknownError': ms-toolsai.jupyter
2024-03-03 23:59:11.280 [info] Extracted extension to file:///home/andrew/.vscode/extensions/ms-toolsai.jupyter-renderers-1.0.17: ms-toolsai.jupyter-renderers
2024-03-03 23:59:11.291 [info] Renamed to /home/andrew/.vscode/extensions/ms-toolsai.jupyter-renderers-1.0.17
2024-03-03 23:59:11.293 [info] Extracting extension completed. ms-toolsai.jupyter-renderers
2024-03-03 23:59:11.320 [info] Extracted extension to file:///home/andrew/.vscode/extensions/ms-toolsai.jupyter-2024.2.0-linux-x64: ms-toolsai.jupyter
2024-03-03 23:59:11.325 [info] Renamed to /home/andrew/.vscode/extensions/ms-toolsai.jupyter-2024.2.0-linux-x64
2024-03-03 23:59:11.327 [info] Extracting extension completed. ms-toolsai.jupyter
2024-03-03 23:59:11.372 [error] [uncaught exception in sharedProcess]: Error: ENOENT: no such file or directory, stat '/home/andrew/.vscode/extensions/extensions.json.vsctmp': EntryNotFound (FileSystemError): Error: ENOENT: no such file or directory, stat '/home/andrew/.vscode/extensions/extensions.json.vsctmp'
    at r.create (/opt/visual-studio-code/resources/app/out/vs/code/node/sharedProcess/sharedProcessMain.js:51:30083)
    at a (/opt/visual-studio-code/resources/app/out/vs/code/node/sharedProcess/sharedProcessMain.js:51:30198)
    at i.fb (/opt/visual-studio-code/resources/app/out/vs/code/node/sharedProcess/sharedProcessMain.js:56:36634)
    at i.stat (/opt/visual-studio-code/resources/app/out/vs/code/node/sharedProcess/sharedProcessMain.js:56:29080)
    at async v.stat (/opt/visual-studio-code/resources/app/out/vs/code/node/sharedProcess/sharedProcessMain.js:56:16226)
    at async X.sb (/opt/visual-studio-code/resources/app/out/vs/code/node/sharedProcess/sharedProcessMain.js:102:107729)
2024-03-03 23:59:35.626 [warning] Extension signature verification failed with error 'UnknownError': ms-python.python
2024-03-03 23:59:36.505 [info] Extracted extension to file:///home/andrew/.vscode/extensions/ms-python.python-2024.2.1: ms-python.python
2024-03-03 23:59:36.518 [info] Renamed to /home/andrew/.vscode/extensions/ms-python.python-2024.2.1
2024-03-03 23:59:36.520 [info] Extracting extension completed. ms-python.python
2024-03-03 23:59:36.553 [warning] Extension signature verification failed with error 'UnknownError': ms-python.vscode-pylance
2024-03-03 23:59:36.600 [error] [uncaught exception in sharedProcess]: Error: ENOENT: no such file or directory, stat '/home/andrew/.vscode/extensions/extensions.json.vsctmp': EntryNotFound (FileSystemError): Error: ENOENT: no such file or directory, stat '/home/andrew/.vscode/extensions/extensions.json.vsctmp'
    at r.create (/opt/visual-studio-code/resources/app/out/vs/code/node/sharedProcess/sharedProcessMain.js:51:30083)
    at a (/opt/visual-studio-code/resources/app/out/vs/code/node/sharedProcess/sharedProcessMain.js:51:30198)
    at i.fb (/opt/visual-studio-code/resources/app/out/vs/code/node/sharedProcess/sharedProcessMain.js:56:36634)
    at i.stat (/opt/visual-studio-code/resources/app/out/vs/code/node/sharedProcess/sharedProcessMain.js:56:29080)
    at async v.stat (/opt/visual-studio-code/resources/app/out/vs/code/node/sharedProcess/sharedProcessMain.js:56:16226)
    at async X.sb (/opt/visual-studio-code/resources/app/out/vs/code/node/sharedProcess/sharedProcessMain.js:102:107729)
2024-03-03 23:59:38.136 [info] Extracted extension to file:///home/andrew/.vscode/extensions/ms-python.vscode-pylance-2024.2.2: ms-python.vscode-pylance
2024-03-03 23:59:38.152 [info] Renamed to /home/andrew/.vscode/extensions/ms-python.vscode-pylance-2024.2.2
2024-03-03 23:59:38.154 [info] Extracting extension completed. ms-python.vscode-pylance
2024-03-03 23:59:38.162 [info] Extension installed successfully: ms-python.debugpy
2024-03-03 23:59:38.162 [info] Extension installed successfully: ms-python.python
2024-03-03 23:59:38.162 [info] Extension installed successfully: ms-python.vscode-pylance
2024-03-03 23:59:38.162 [info] Finished waiting for already requested installing extension ms-python.python shiro.pythonpack
2024-03-03 23:59:38.162 [info] Finished waiting for already requested installing extension ms-python.vscode-pylance shiro.pythonpack
2024-03-03 23:59:38.162 [info] Finished waiting for already requested installing extension ms-python.debugpy shiro.pythonpack
2024-03-03 23:59:38.162 [info] Extension installed successfully: shiro.pythonpack
2024-03-03 23:59:38.162 [info] Extension installed successfully: ms-toolsai.jupyter-keymap
2024-03-03 23:59:38.162 [info] Extension installed successfully: ms-toolsai.vscode-jupyter-cell-tags
2024-03-03 23:59:38.162 [info] Extension installed successfully: ms-toolsai.vscode-jupyter-slideshow
2024-03-03 23:59:38.163 [info] Extension installed successfully: njqdev.vscode-python-typehint
2024-03-03 23:59:38.163 [info] Extension installed successfully: ms-toolsai.jupyter-renderers
2024-03-03 23:59:38.163 [info] Extension installed successfully: ms-toolsai.jupyter
2024-03-03 23:59:38.235 [error] [uncaught exception in sharedProcess]: Error: ENOENT: no such file or directory, stat '/home/andrew/.vscode/extensions/extensions.json.vsctmp': EntryNotFound (FileSystemError): Error: ENOENT: no such file or directory, stat '/home/andrew/.vscode/extensions/extensions.json.vsctmp'
    at r.create (/opt/visual-studio-code/resources/app/out/vs/code/node/sharedProcess/sharedProcessMain.js:51:30083)
    at a (/opt/visual-studio-code/resources/app/out/vs/code/node/sharedProcess/sharedProcessMain.js:51:30198)
    at i.fb (/opt/visual-studio-code/resources/app/out/vs/code/node/sharedProcess/sharedProcessMain.js:56:36634)
    at i.stat (/opt/visual-studio-code/resources/app/out/vs/code/node/sharedProcess/sharedProcessMain.js:56:29080)
    at async v.stat (/opt/visual-studio-code/resources/app/out/vs/code/node/sharedProcess/sharedProcessMain.js:56:16226)
    at async X.sb (/opt/visual-studio-code/resources/app/out/vs/code/node/sharedProcess/sharedProcessMain.js:102:107729)
