2024-03-04 13:37:18.591 [info] Log level: Info
2024-03-04 13:37:18.591 [info] Validating found git in: "git"
2024-03-04 13:37:18.591 [info] Using git "2.44.0" from "git"
2024-03-04 13:37:18.591 [info] > git rev-parse --show-toplevel [3ms]
2024-03-04 13:37:18.591 [info] > git rev-parse --path-format=relative --show-toplevel [2ms]
2024-03-04 13:37:22.303 [info] > git rev-parse --show-toplevel [1ms]
2024-03-04 13:37:22.306 [info] > git rev-parse --path-format=relative --show-toplevel [1ms]
2024-03-04 13:37:49.969 [info] > git rev-parse --show-toplevel [2ms]
2024-03-04 13:37:49.970 [info] fatal: not a git repository (or any parent up to mount point /)
Stopping at filesystem boundary (GIT_DISCOVERY_ACROSS_FILESYSTEM not set).
2024-03-04 13:38:09.239 [info] Log level: Info
2024-03-04 13:38:09.239 [info] Validating found git in: "git"
2024-03-04 13:38:09.239 [info] Using git "2.44.0" from "git"
2024-03-04 13:38:09.239 [info] > git rev-parse --show-toplevel [2ms]
2024-03-04 13:38:09.243 [info] > git rev-parse --git-dir --git-common-dir [1ms]
2024-03-04 13:38:09.252 [info] Open repository: /home/andrew/.dotfiles
2024-03-04 13:38:09.261 [info] > git rev-parse --show-toplevel [1ms]
2024-03-04 13:38:09.262 [info] > git config --get commit.template [4ms]
2024-03-04 13:38:09.271 [info] > git rev-parse --show-toplevel [4ms]
2024-03-04 13:38:09.274 [info] > git for-each-ref --format=%(refname)%00%(upstream:short)%00%(objectname)%00%(upstream:track)%00%(upstream:remotename)%00%(upstream:remoteref) refs/heads/master refs/remotes/master [4ms]
2024-03-04 13:38:09.274 [info] > git rev-parse --show-toplevel [1ms]
2024-03-04 13:38:09.281 [info] > git rev-parse --show-toplevel [4ms]
2024-03-04 13:38:09.296 [info] > git status -z -uall [15ms]
2024-03-04 13:38:09.310 [info] > git config --get commit.template [1ms]
2024-03-04 13:38:09.318 [info] > git for-each-ref --format=%(refname)%00%(upstream:short)%00%(objectname)%00%(upstream:track)%00%(upstream:remotename)%00%(upstream:remoteref) refs/heads/master refs/remotes/master [1ms]
2024-03-04 13:38:09.404 [info] > git status -z -uall [9ms]
2024-03-04 13:38:09.765 [info] > git check-ignore -v -z --stdin [3ms]
2024-03-04 13:38:11.520 [info] > git config --get commit.template [8ms]
2024-03-04 13:38:11.521 [info] > git for-each-ref --format=%(refname)%00%(upstream:short)%00%(objectname)%00%(upstream:track)%00%(upstream:remotename)%00%(upstream:remoteref) refs/heads/master refs/remotes/master [2ms]
2024-03-04 13:38:11.551 [info] > git status -z -uall [22ms]
2024-03-04 13:38:12.161 [info] > git check-ignore -v -z --stdin [7ms]
2024-03-04 13:38:14.330 [info] > git merge-base refs/heads/master refs/remotes/origin/master [10ms]
2024-03-04 13:38:14.337 [info] > git rev-list --count --left-right refs/heads/master...refs/remotes/origin/master [2ms]
2024-03-04 13:38:14.959 [info] > git check-ignore -v -z --stdin [6ms]
2024-03-04 13:38:16.573 [info] > git config --get commit.template [8ms]
2024-03-04 13:38:16.574 [info] > git for-each-ref --format=%(refname)%00%(upstream:short)%00%(objectname)%00%(upstream:track)%00%(upstream:remotename)%00%(upstream:remoteref) refs/heads/master refs/remotes/master [2ms]
2024-03-04 13:38:16.595 [info] > git status -z -uall [13ms]
2024-03-04 13:38:21.621 [info] > git config --get commit.template [12ms]
2024-03-04 13:38:21.622 [info] > git for-each-ref --format=%(refname)%00%(upstream:short)%00%(objectname)%00%(upstream:track)%00%(upstream:remotename)%00%(upstream:remoteref) refs/heads/master refs/remotes/master [2ms]
2024-03-04 13:38:21.643 [info] > git status -z -uall [12ms]
2024-03-04 13:38:26.663 [info] > git config --get commit.template [8ms]
2024-03-04 13:38:26.664 [info] > git for-each-ref --format=%(refname)%00%(upstream:short)%00%(objectname)%00%(upstream:track)%00%(upstream:remotename)%00%(upstream:remoteref) refs/heads/master refs/remotes/master [2ms]
2024-03-04 13:38:26.684 [info] > git status -z -uall [12ms]
2024-03-04 13:38:30.988 [info] > git check-ignore -v -z --stdin [2ms]
2024-03-04 13:38:31.706 [info] > git config --get commit.template [9ms]
2024-03-04 13:38:31.708 [info] > git for-each-ref --format=%(refname)%00%(upstream:short)%00%(objectname)%00%(upstream:track)%00%(upstream:remotename)%00%(upstream:remoteref) refs/heads/master refs/remotes/master [2ms]
2024-03-04 13:38:31.727 [info] > git status -z -uall [12ms]
2024-03-04 13:38:32.837 [info] > git check-ignore -v -z --stdin [4ms]
2024-03-04 13:38:33.312 [info] > git ls-files --stage -- /home/andrew/.dotfiles/config/.config/picom/picom.conf [2ms]
2024-03-04 13:38:33.318 [info] > git show --textconv :config/.config/picom/picom.conf [15ms]
2024-03-04 13:38:33.319 [info] > git cat-file -s 3fe4b67d97e3fd1d3f2b7ee6aed53d3248d2abdc [2ms]
2024-03-04 13:38:36.749 [info] > git config --get commit.template [8ms]
2024-03-04 13:38:36.749 [info] > git for-each-ref --format=%(refname)%00%(upstream:short)%00%(objectname)%00%(upstream:track)%00%(upstream:remotename)%00%(upstream:remoteref) refs/heads/master refs/remotes/master [2ms]
2024-03-04 13:38:36.776 [info] > git status -z -uall [19ms]
2024-03-04 13:38:41.799 [info] > git config --get commit.template [9ms]
2024-03-04 13:38:41.800 [info] > git for-each-ref --format=%(refname)%00%(upstream:short)%00%(objectname)%00%(upstream:track)%00%(upstream:remotename)%00%(upstream:remoteref) refs/heads/master refs/remotes/master [2ms]
2024-03-04 13:38:41.822 [info] > git status -z -uall [15ms]
2024-03-04 13:38:43.254 [info] > git check-ignore -v -z --stdin [5ms]
2024-03-04 13:38:46.843 [info] > git config --get commit.template [8ms]
2024-03-04 13:38:46.844 [info] > git for-each-ref --format=%(refname)%00%(upstream:short)%00%(objectname)%00%(upstream:track)%00%(upstream:remotename)%00%(upstream:remoteref) refs/heads/master refs/remotes/master [2ms]
2024-03-04 13:38:46.876 [info] > git status -z -uall [25ms]
2024-03-04 13:38:49.728 [info] > git check-ignore -v -z --stdin [4ms]
2024-03-04 13:38:51.894 [info] > git config --get commit.template [4ms]
2024-03-04 13:38:51.894 [info] > git for-each-ref --format=%(refname)%00%(upstream:short)%00%(objectname)%00%(upstream:track)%00%(upstream:remotename)%00%(upstream:remoteref) refs/heads/master refs/remotes/master [1ms]
2024-03-04 13:38:51.911 [info] > git status -z -uall [13ms]
2024-03-04 13:38:52.145 [info] > git check-ignore -v -z --stdin [1ms]
2024-03-04 13:38:55.809 [info] > git check-ignore -v -z --stdin [7ms]
2024-03-04 13:38:56.919 [info] > git check-ignore -v -z --stdin [7ms]
2024-03-04 13:38:56.922 [info] > git config --get commit.template [3ms]
2024-03-04 13:38:56.931 [info] > git for-each-ref --format=%(refname)%00%(upstream:short)%00%(objectname)%00%(upstream:track)%00%(upstream:remotename)%00%(upstream:remoteref) refs/heads/master refs/remotes/master [1ms]
2024-03-04 13:38:56.957 [info] > git status -z -uall [18ms]
2024-03-04 13:38:57.745 [info] > git check-ignore -v -z --stdin [3ms]
2024-03-04 13:39:02.943 [info] > git check-ignore -v -z --stdin [6ms]
2024-03-04 13:39:06.855 [info] > git add -A -- . [69ms]
2024-03-04 13:39:07.328 [info] > git show --textconv :.git/COMMIT_EDITMSG [12ms]
2024-03-04 13:39:07.330 [info] > git ls-files --stage -- /home/andrew/.dotfiles/.git/COMMIT_EDITMSG [4ms]
2024-03-04 13:39:07.611 [info] > git check-ignore -v -z --stdin [1ms]
2024-03-04 13:39:08.168 [info] > git ls-files --stage -- /home/andrew/.dotfiles/.git/COMMIT_EDITMSG [4ms]
2024-03-04 13:39:08.192 [info] > git show --textconv :.git/COMMIT_EDITMSG [0ms]
2024-03-04 13:39:18.321 [info] > git ls-files --stage -- /home/andrew/.dotfiles/.git/COMMIT_EDITMSG [2ms]
2024-03-04 13:39:18.326 [info] > git show --textconv :.git/COMMIT_EDITMSG [1ms]
2024-03-04 13:39:26.363 [info] > git -c user.useConfigOnly=true commit --quiet [19502ms]
2024-03-04 13:39:26.370 [info] > git config --get commit.template [1ms]
2024-03-04 13:39:26.376 [info] > git for-each-ref --format=%(refname)%00%(upstream:short)%00%(objectname)%00%(upstream:track)%00%(upstream:remotename)%00%(upstream:remoteref) refs/heads/master refs/remotes/master [1ms]
2024-03-04 13:39:26.392 [info] > git status -z -uall [11ms]
2024-03-04 13:39:26.406 [info] > git config --get commit.template [5ms]
2024-03-04 13:39:26.406 [info] > git for-each-ref --format=%(refname)%00%(upstream:short)%00%(objectname)%00%(upstream:track)%00%(upstream:remotename)%00%(upstream:remoteref) refs/heads/master refs/remotes/master [1ms]
2024-03-04 13:39:26.421 [info] > git status -z -uall [8ms]
2024-03-04 13:39:26.448 [info] > git merge-base refs/heads/master refs/remotes/origin/master [1ms]
2024-03-04 13:39:26.461 [info] > git rev-list --count --left-right refs/heads/master...refs/remotes/origin/master [6ms]
2024-03-04 13:39:26.462 [info] > git config --get commit.template [1ms]
2024-03-04 13:39:26.470 [info] > git for-each-ref --format=%(refname)%00%(upstream:short)%00%(objectname)%00%(upstream:track)%00%(upstream:remotename)%00%(upstream:remoteref) refs/heads/master refs/remotes/master [4ms]
2024-03-04 13:39:26.483 [info] > git status -z -uall [8ms]
2024-03-04 13:39:26.821 [info] > git show --textconv :config/.config/picom/picom.conf [10ms]
2024-03-04 13:39:26.824 [info] > git ls-files --stage -- /home/andrew/.dotfiles/config/.config/picom/picom.conf [4ms]
2024-03-04 13:39:26.832 [info] > git cat-file -s 11046a7ff513f3b2b05760030e6386c2d7a187bb [2ms]
2024-03-04 13:39:27.138 [info] > git check-ignore -v -z --stdin [3ms]
2024-03-04 13:39:27.745 [info] > git ls-files --stage -- /home/andrew/.dotfiles/config/.config/picom/picom.conf [2ms]
2024-03-04 13:39:27.753 [info] > git cat-file -s 11046a7ff513f3b2b05760030e6386c2d7a187bb [2ms]
2024-03-04 13:39:27.766 [info] > git show --textconv :config/.config/picom/picom.conf [4ms]
2024-03-04 13:39:30.532 [info] > git add -A -- . [15ms]
2024-03-04 13:39:30.932 [info] > git show --textconv :.git/COMMIT_EDITMSG [6ms]
2024-03-04 13:39:30.934 [info] > git ls-files --stage -- /home/andrew/.dotfiles/.git/COMMIT_EDITMSG [3ms]
2024-03-04 13:39:31.806 [info] > git ls-files --stage -- /home/andrew/.dotfiles/.git/COMMIT_EDITMSG [1ms]
2024-03-04 13:39:31.812 [info] > git show --textconv :.git/COMMIT_EDITMSG [2ms]
2024-03-04 13:39:38.135 [info] > git ls-files --stage -- /home/andrew/.dotfiles/.git/COMMIT_EDITMSG [1ms]
2024-03-04 13:39:38.141 [info] > git show --textconv :.git/COMMIT_EDITMSG [1ms]
2024-03-04 13:39:39.853 [info] > git -c user.useConfigOnly=true commit --quiet [9316ms]
2024-03-04 13:39:39.864 [info] > git config --get commit.template [7ms]
2024-03-04 13:39:39.865 [info] > git for-each-ref --format=%(refname)%00%(upstream:short)%00%(objectname)%00%(upstream:track)%00%(upstream:remotename)%00%(upstream:remoteref) refs/heads/master refs/remotes/master [2ms]
2024-03-04 13:39:39.880 [info] > git status -z -uall [10ms]
2024-03-04 13:39:39.889 [info] > git config --get commit.template [2ms]
2024-03-04 13:39:39.899 [info] > git for-each-ref --format=%(refname)%00%(upstream:short)%00%(objectname)%00%(upstream:track)%00%(upstream:remotename)%00%(upstream:remoteref) refs/heads/master refs/remotes/master [2ms]
2024-03-04 13:39:39.919 [info] > git status -z -uall [9ms]
2024-03-04 13:39:39.930 [info] > git merge-base refs/heads/master refs/remotes/origin/master [1ms]
2024-03-04 13:39:39.940 [info] > git rev-list --count --left-right refs/heads/master...refs/remotes/origin/master [6ms]
2024-03-04 13:39:39.941 [info] > git config --get commit.template [2ms]
2024-03-04 13:39:39.947 [info] > git for-each-ref --format=%(refname)%00%(upstream:short)%00%(objectname)%00%(upstream:track)%00%(upstream:remotename)%00%(upstream:remoteref) refs/heads/master refs/remotes/master [1ms]
2024-03-04 13:39:39.960 [info] > git status -z -uall [8ms]
2024-03-04 13:39:40.272 [info] > git show --textconv :config/.config/picom/picom.conf [4ms]
2024-03-04 13:39:40.274 [info] > git ls-files --stage -- /home/andrew/.dotfiles/config/.config/picom/picom.conf [2ms]
2024-03-04 13:39:40.280 [info] > git cat-file -s 11046a7ff513f3b2b05760030e6386c2d7a187bb [1ms]
2024-03-04 13:39:40.594 [info] > git check-ignore -v -z --stdin [4ms]
2024-03-04 13:39:44.940 [info] > git config --get commit.template [10ms]
2024-03-04 13:39:44.940 [info] > git for-each-ref --format=%(refname)%00%(upstream:short)%00%(objectname)%00%(upstream:track)%00%(upstream:remotename)%00%(upstream:remoteref) refs/heads/master refs/remotes/master [2ms]
2024-03-04 13:39:44.961 [info] > git status -z -uall [12ms]
2024-03-04 13:39:48.807 [info] > git show --textconv HEAD:config/.config/Code/TransportSecurity [7ms]
2024-03-04 13:39:48.809 [info] > git ls-tree -l HEAD -- /home/andrew/.dotfiles/config/.config/Code/TransportSecurity [3ms]
2024-03-04 13:39:50.806 [info] > git config --get commit.template [3ms]
2024-03-04 13:39:50.807 [info] > git for-each-ref --format=%(refname)%00%(upstream:short)%00%(objectname)%00%(upstream:track)%00%(upstream:remotename)%00%(upstream:remoteref) refs/heads/master refs/remotes/master [1ms]
2024-03-04 13:39:50.819 [info] > git status -z -uall [9ms]
2024-03-04 13:39:56.260 [info] > git show --textconv :config/.config/picom/picom.conf [9ms]
2024-03-04 13:39:56.262 [info] > git ls-files --stage -- /home/andrew/.dotfiles/config/.config/picom/picom.conf [3ms]
2024-03-04 13:39:56.271 [info] > git cat-file -s 11046a7ff513f3b2b05760030e6386c2d7a187bb [1ms]
2024-03-04 13:39:57.557 [info] > git config --get commit.template [6ms]
2024-03-04 13:39:57.558 [info] > git for-each-ref --format=%(refname)%00%(upstream:short)%00%(objectname)%00%(upstream:track)%00%(upstream:remotename)%00%(upstream:remoteref) refs/heads/master refs/remotes/master [1ms]
2024-03-04 13:39:57.570 [info] > git status -z -uall [8ms]
2024-03-04 13:40:36.853 [info] > git config --get commit.template [5ms]
2024-03-04 13:40:36.853 [info] > git for-each-ref --format=%(refname)%00%(upstream:short)%00%(objectname)%00%(upstream:track)%00%(upstream:remotename)%00%(upstream:remoteref) refs/heads/master refs/remotes/master [1ms]
2024-03-04 13:40:36.868 [info] > git status -z -uall [9ms]
2024-03-04 13:40:37.492 [info] > git check-ignore -v -z --stdin [3ms]
2024-03-04 13:40:46.416 [info] > git config --get commit.template [1ms]
2024-03-04 13:40:46.424 [info] > git for-each-ref --format=%(refname)%00%(upstream:short)%00%(objectname)%00%(upstream:track)%00%(upstream:remotename)%00%(upstream:remoteref) refs/heads/master refs/remotes/master [2ms]
2024-03-04 13:40:46.446 [info] > git status -z -uall [17ms]
2024-03-04 13:40:46.767 [info] > git ls-files --stage -- /home/andrew/.dotfiles/config/.config/polybar/config.ini [1ms]
2024-03-04 13:40:46.772 [info] > git show --textconv :config/.config/polybar/config.ini [10ms]
2024-03-04 13:40:46.773 [info] > git cat-file -s 925815ef358cd158ee1686e5ad7f2ad027974590 [1ms]
2024-03-04 13:40:46.918 [info] > git check-ignore -v -z --stdin [3ms]
2024-03-04 13:40:51.468 [info] > git config --get commit.template [10ms]
2024-03-04 13:40:51.469 [info] > git for-each-ref --format=%(refname)%00%(upstream:short)%00%(objectname)%00%(upstream:track)%00%(upstream:remotename)%00%(upstream:remoteref) refs/heads/master refs/remotes/master [2ms]
2024-03-04 13:40:51.490 [info] > git status -z -uall [12ms]
2024-03-04 13:40:57.048 [info] > git config --get commit.template [6ms]
2024-03-04 13:40:57.048 [info] > git for-each-ref --format=%(refname)%00%(upstream:short)%00%(objectname)%00%(upstream:track)%00%(upstream:remotename)%00%(upstream:remoteref) refs/heads/master refs/remotes/master [1ms]
2024-03-04 13:40:57.062 [info] > git status -z -uall [8ms]
2024-03-04 13:40:57.689 [info] > git check-ignore -v -z --stdin [3ms]
2024-03-04 13:41:02.076 [info] > git config --get commit.template [5ms]
2024-03-04 13:41:02.077 [info] > git for-each-ref --format=%(refname)%00%(upstream:short)%00%(objectname)%00%(upstream:track)%00%(upstream:remotename)%00%(upstream:remoteref) refs/heads/master refs/remotes/master [1ms]
2024-03-04 13:41:02.087 [info] > git status -z -uall [7ms]
2024-03-04 13:41:02.725 [info] > git check-ignore -v -z --stdin [3ms]
2024-03-04 13:41:13.400 [info] > git config --get commit.template [5ms]
2024-03-04 13:41:13.400 [info] > git for-each-ref --format=%(refname)%00%(upstream:short)%00%(objectname)%00%(upstream:track)%00%(upstream:remotename)%00%(upstream:remoteref) refs/heads/master refs/remotes/master [1ms]
2024-03-04 13:41:13.411 [info] > git status -z -uall [7ms]
2024-03-04 13:41:18.428 [info] > git config --get commit.template [7ms]
2024-03-04 13:41:18.428 [info] > git for-each-ref --format=%(refname)%00%(upstream:short)%00%(objectname)%00%(upstream:track)%00%(upstream:remotename)%00%(upstream:remoteref) refs/heads/master refs/remotes/master [1ms]
2024-03-04 13:41:18.439 [info] > git status -z -uall [7ms]
2024-03-04 13:41:23.460 [info] > git config --get commit.template [8ms]
2024-03-04 13:41:23.462 [info] > git for-each-ref --format=%(refname)%00%(upstream:short)%00%(objectname)%00%(upstream:track)%00%(upstream:remotename)%00%(upstream:remoteref) refs/heads/master refs/remotes/master [2ms]
2024-03-04 13:41:23.477 [info] > git status -z -uall [7ms]
2024-03-04 13:41:29.228 [info] > git config --get commit.template [5ms]
2024-03-04 13:41:29.229 [info] > git for-each-ref --format=%(refname)%00%(upstream:short)%00%(objectname)%00%(upstream:track)%00%(upstream:remotename)%00%(upstream:remoteref) refs/heads/master refs/remotes/master [1ms]
2024-03-04 13:41:29.241 [info] > git status -z -uall [8ms]
2024-03-04 13:41:29.866 [info] > git check-ignore -v -z --stdin [4ms]
